[02-09 19:54:09]: [INFO] Created column 'regdate' and set the current timestamp, 1739130849150, to all 0 rows
[02-09 19:54:09]: [INFO] SQLite Setup finished
[02-09 19:54:09]: [INFO] Hooked into LuckPerms!
[02-09 19:54:09]: [INFO] Hooked successfully into Essentials
[02-09 19:54:09]: [INFO] Essentials spawn file not found: '/workspaces/upgraded-chainsaw/servidor_minecraft/plugins/Essentials/spawn.yml'
[02-09 19:54:09]: [INFO] AuthMe 5.6.0 build n.CUSTOM successfully enabled!
[02-09 19:54:18]: [INFO] Downloading GEO IP database, because the old database is older than 30 days or doesn't exist
[02-09 19:54:18]: [WARN] No MaxMind credentials found in the configuration file! GeoIp protections will be disabled.
[02-09 19:54:18]: [INFO] There is no newer GEO IP database uploaded to MaxMind. Using the old one for now.
[02-09 19:54:18]: [WARN] Could not download GeoLiteAPI database [FileNotFoundException]: plugins/AuthMe/GeoLite2-Country.mmdb (No such file or directory)
[02-09 19:54:18]: java.io.FileNotFoundException: plugins/AuthMe/GeoLite2-Country.mmdb (No such file or directory)
	at java.base/java.io.RandomAccessFile.open0(Native Method)
	at java.base/java.io.RandomAccessFile.open(RandomAccessFile.java:356)
	at java.base/java.io.RandomAccessFile.<init>(RandomAccessFile.java:273)
	at java.base/java.io.RandomAccessFile.<init>(RandomAccessFile.java:223)
	at AuthMe-5.6.0.jar//fr.xephi.authme.libs.com.maxmind.db.BufferHolder.<init>(BufferHolder.java:20)
	at AuthMe-5.6.0.jar//fr.xephi.authme.libs.com.maxmind.db.Reader.<init>(Reader.java:121)
	at AuthMe-5.6.0.jar//fr.xephi.authme.service.GeoIpService.startReading(GeoIpService.java:179)
	at AuthMe-5.6.0.jar//fr.xephi.authme.service.GeoIpService.updateDatabase(GeoIpService.java:150)
	at org.bukkit.craftbukkit.scheduler.CraftTask.run(CraftTask.java:86)
	at org.bukkit.craftbukkit.scheduler.CraftAsyncTask.run(CraftAsyncTask.java:57)
	at com.destroystokyo.paper.ServerSchedulerReportingWrapper.run(ServerSchedulerReportingWrapper.java:22)
	at java.base/java.util.concurrent.ThreadPoolExecutor.runWorker(ThreadPoolExecutor.java:1144)
	at java.base/java.util.concurrent.ThreadPoolExecutor$Worker.run(ThreadPoolExecutor.java:642)
	at java.base/java.lang.Thread.run(Thread.java:1583)

[02-09 19:55:30]: [FINE] ElKeitoGG registered 127.106.169.53
[02-09 19:55:30]: [FINE] ElKeitoGG logged in 127.106.169.53
[02-09 20:07:19]: [FINE] mwarrii registered 127.229.174.33
[02-09 20:07:19]: [FINE] mwarrii logged in 127.229.174.33
[02-09 20:15:02]: [FINE] caezon registered 127.2.214.85
[02-09 20:15:02]: [FINE] caezon logged in 127.2.214.85
[02-09 20:22:30]: [FINE] ElKeitoGG logged in 127.106.169.53
[02-09 21:15:10]: [INFO] AuthMe 5.6.0-bCUSTOM disabled!
[02-09 21:15:26]: [INFO] SQLite Setup finished
[02-09 21:15:26]: [INFO] Hooked into LuckPerms!
[02-09 21:15:26]: [INFO] Hooked successfully into Essentials
[02-09 21:15:26]: [INFO] Essentials spawn file not found: '/workspaces/upgraded-chainsaw/servidor_minecraft/plugins/Essentials/spawn.yml'
[02-09 21:15:27]: [INFO] AuthMe 5.6.0 build n.CUSTOM successfully enabled!
[02-09 21:15:35]: [INFO] Downloading GEO IP database, because the old database is older than 30 days or doesn't exist
[02-09 21:15:35]: [WARN] No MaxMind credentials found in the configuration file! GeoIp protections will be disabled.
[02-09 21:15:35]: [INFO] There is no newer GEO IP database uploaded to MaxMind. Using the old one for now.
[02-09 21:15:35]: [WARN] Could not download GeoLiteAPI database [FileNotFoundException]: plugins/AuthMe/GeoLite2-Country.mmdb (No such file or directory)
[02-09 21:15:35]: java.io.FileNotFoundException: plugins/AuthMe/GeoLite2-Country.mmdb (No such file or directory)
	at java.base/java.io.RandomAccessFile.open0(Native Method)
	at java.base/java.io.RandomAccessFile.open(RandomAccessFile.java:356)
	at java.base/java.io.RandomAccessFile.<init>(RandomAccessFile.java:273)
	at java.base/java.io.RandomAccessFile.<init>(RandomAccessFile.java:223)
	at AuthMe-5.6.0.jar//fr.xephi.authme.libs.com.maxmind.db.BufferHolder.<init>(BufferHolder.java:20)
	at AuthMe-5.6.0.jar//fr.xephi.authme.libs.com.maxmind.db.Reader.<init>(Reader.java:121)
	at AuthMe-5.6.0.jar//fr.xephi.authme.service.GeoIpService.startReading(GeoIpService.java:179)
	at AuthMe-5.6.0.jar//fr.xephi.authme.service.GeoIpService.updateDatabase(GeoIpService.java:150)
	at org.bukkit.craftbukkit.scheduler.CraftTask.run(CraftTask.java:86)
	at org.bukkit.craftbukkit.scheduler.CraftAsyncTask.run(CraftAsyncTask.java:57)
	at com.destroystokyo.paper.ServerSchedulerReportingWrapper.run(ServerSchedulerReportingWrapper.java:22)
	at java.base/java.util.concurrent.ThreadPoolExecutor.runWorker(ThreadPoolExecutor.java:1144)
	at java.base/java.util.concurrent.ThreadPoolExecutor$Worker.run(ThreadPoolExecutor.java:642)
	at java.base/java.lang.Thread.run(Thread.java:1583)

[02-09 21:15:56]: [FINE] ElKeitoGG logged in 127.106.169.53
[02-09 21:16:18]: [FINE] mwarrii used the wrong password
[02-09 21:16:42]: [FINE] mwarrii used the wrong password
[02-09 21:16:58]: [FINE] mwarrii logged in 127.229.174.33
[02-09 21:17:15]: [INFO] AuthMe 5.6.0-bCUSTOM disabled!
[02-09 21:17:30]: [INFO] SQLite Setup finished
[02-09 21:17:30]: [INFO] Hooked into LuckPerms!
[02-09 21:17:30]: [INFO] Hooked successfully into Essentials
[02-09 21:17:30]: [INFO] Essentials spawn file not found: '/workspaces/upgraded-chainsaw/servidor_minecraft/plugins/Essentials/spawn.yml'
[02-09 21:17:31]: [INFO] AuthMe 5.6.0 build n.CUSTOM successfully enabled!
[02-09 21:17:39]: [INFO] Downloading GEO IP database, because the old database is older than 30 days or doesn't exist
[02-09 21:17:39]: [WARN] No MaxMind credentials found in the configuration file! GeoIp protections will be disabled.
[02-09 21:17:39]: [INFO] There is no newer GEO IP database uploaded to MaxMind. Using the old one for now.
[02-09 21:17:39]: [WARN] Could not download GeoLiteAPI database [FileNotFoundException]: plugins/AuthMe/GeoLite2-Country.mmdb (No such file or directory)
[02-09 21:17:39]: java.io.FileNotFoundException: plugins/AuthMe/GeoLite2-Country.mmdb (No such file or directory)
	at java.base/java.io.RandomAccessFile.open0(Native Method)
	at java.base/java.io.RandomAccessFile.open(RandomAccessFile.java:356)
	at java.base/java.io.RandomAccessFile.<init>(RandomAccessFile.java:273)
	at java.base/java.io.RandomAccessFile.<init>(RandomAccessFile.java:223)
	at AuthMe-5.6.0.jar//fr.xephi.authme.libs.com.maxmind.db.BufferHolder.<init>(BufferHolder.java:20)
	at AuthMe-5.6.0.jar//fr.xephi.authme.libs.com.maxmind.db.Reader.<init>(Reader.java:121)
	at AuthMe-5.6.0.jar//fr.xephi.authme.service.GeoIpService.startReading(GeoIpService.java:179)
	at AuthMe-5.6.0.jar//fr.xephi.authme.service.GeoIpService.updateDatabase(GeoIpService.java:150)
	at org.bukkit.craftbukkit.scheduler.CraftTask.run(CraftTask.java:86)
	at org.bukkit.craftbukkit.scheduler.CraftAsyncTask.run(CraftAsyncTask.java:57)
	at com.destroystokyo.paper.ServerSchedulerReportingWrapper.run(ServerSchedulerReportingWrapper.java:22)
	at java.base/java.util.concurrent.ThreadPoolExecutor.runWorker(ThreadPoolExecutor.java:1144)
	at java.base/java.util.concurrent.ThreadPoolExecutor$Worker.run(ThreadPoolExecutor.java:642)
	at java.base/java.lang.Thread.run(Thread.java:1583)

[02-09 21:17:45]: [FINE] ElKeitoGG logged in 127.106.169.53
[02-09 21:18:17]: [FINE] mwarrii logged in 127.229.174.33
[02-09 21:31:02]: [INFO] AuthMe 5.6.0-bCUSTOM disabled!
[02-09 21:31:22]: [INFO] SQLite Setup finished
[02-09 21:31:22]: [INFO] Hooked into LuckPerms!
[02-09 21:31:22]: [INFO] Hooked successfully into Essentials
[02-09 21:31:22]: [INFO] Essentials spawn file not found: '/workspaces/upgraded-chainsaw/servidor_minecraft/plugins/Essentials/spawn.yml'
[02-09 21:31:22]: [INFO] AuthMe 5.6.0 build n.CUSTOM successfully enabled!
[02-09 21:31:23]: [INFO] Downloading GEO IP database, because the old database is older than 30 days or doesn't exist
[02-09 21:31:23]: [WARN] No MaxMind credentials found in the configuration file! GeoIp protections will be disabled.
[02-09 21:31:23]: [INFO] There is no newer GEO IP database uploaded to MaxMind. Using the old one for now.
[02-09 21:31:23]: [WARN] Could not download GeoLiteAPI database [FileNotFoundException]: plugins/AuthMe/GeoLite2-Country.mmdb (No such file or directory)
[02-09 21:31:23]: java.io.FileNotFoundException: plugins/AuthMe/GeoLite2-Country.mmdb (No such file or directory)
	at java.base/java.io.RandomAccessFile.open0(Native Method)
	at java.base/java.io.RandomAccessFile.open(RandomAccessFile.java:356)
	at java.base/java.io.RandomAccessFile.<init>(RandomAccessFile.java:273)
	at java.base/java.io.RandomAccessFile.<init>(RandomAccessFile.java:223)
	at AuthMe-5.6.0.jar//fr.xephi.authme.libs.com.maxmind.db.BufferHolder.<init>(BufferHolder.java:20)
	at AuthMe-5.6.0.jar//fr.xephi.authme.libs.com.maxmind.db.Reader.<init>(Reader.java:121)
	at AuthMe-5.6.0.jar//fr.xephi.authme.service.GeoIpService.startReading(GeoIpService.java:179)
	at AuthMe-5.6.0.jar//fr.xephi.authme.service.GeoIpService.updateDatabase(GeoIpService.java:150)
	at org.bukkit.craftbukkit.scheduler.CraftTask.run(CraftTask.java:86)
	at org.bukkit.craftbukkit.scheduler.CraftAsyncTask.run(CraftAsyncTask.java:57)
	at com.destroystokyo.paper.ServerSchedulerReportingWrapper.run(ServerSchedulerReportingWrapper.java:22)
	at java.base/java.util.concurrent.ThreadPoolExecutor.runWorker(ThreadPoolExecutor.java:1144)
	at java.base/java.util.concurrent.ThreadPoolExecutor$Worker.run(ThreadPoolExecutor.java:642)
	at java.base/java.lang.Thread.run(Thread.java:1583)

[02-09 21:32:45]: [FINE] mwarrii logged in 127.229.174.33
[02-09 21:32:53]: [FINE] ElKeitoGG logged in 127.106.169.53
[02-09 21:35:31]: [INFO] AuthMe 5.6.0-bCUSTOM disabled!
[02-09 21:35:48]: [INFO] SQLite Setup finished
[02-09 21:35:48]: [INFO] Hooked into LuckPerms!
[02-09 21:35:49]: [INFO] Hooked successfully into Essentials
[02-09 21:35:49]: [INFO] Essentials spawn file not found: '/workspaces/upgraded-chainsaw/servidor_minecraft/plugins/Essentials/spawn.yml'
[02-09 21:35:49]: [INFO] AuthMe 5.6.0 build n.CUSTOM successfully enabled!
[02-09 21:35:49]: [INFO] Downloading GEO IP database, because the old database is older than 30 days or doesn't exist
[02-09 21:35:49]: [WARN] No MaxMind credentials found in the configuration file! GeoIp protections will be disabled.
[02-09 21:35:49]: [INFO] There is no newer GEO IP database uploaded to MaxMind. Using the old one for now.
[02-09 21:35:49]: [WARN] Could not download GeoLiteAPI database [FileNotFoundException]: plugins/AuthMe/GeoLite2-Country.mmdb (No such file or directory)
[02-09 21:35:49]: java.io.FileNotFoundException: plugins/AuthMe/GeoLite2-Country.mmdb (No such file or directory)
	at java.base/java.io.RandomAccessFile.open0(Native Method)
	at java.base/java.io.RandomAccessFile.open(RandomAccessFile.java:356)
	at java.base/java.io.RandomAccessFile.<init>(RandomAccessFile.java:273)
	at java.base/java.io.RandomAccessFile.<init>(RandomAccessFile.java:223)
	at AuthMe-5.6.0.jar//fr.xephi.authme.libs.com.maxmind.db.BufferHolder.<init>(BufferHolder.java:20)
	at AuthMe-5.6.0.jar//fr.xephi.authme.libs.com.maxmind.db.Reader.<init>(Reader.java:121)
	at AuthMe-5.6.0.jar//fr.xephi.authme.service.GeoIpService.startReading(GeoIpService.java:179)
	at AuthMe-5.6.0.jar//fr.xephi.authme.service.GeoIpService.updateDatabase(GeoIpService.java:150)
	at org.bukkit.craftbukkit.scheduler.CraftTask.run(CraftTask.java:86)
	at org.bukkit.craftbukkit.scheduler.CraftAsyncTask.run(CraftAsyncTask.java:57)
	at com.destroystokyo.paper.ServerSchedulerReportingWrapper.run(ServerSchedulerReportingWrapper.java:22)
	at java.base/java.util.concurrent.ThreadPoolExecutor.runWorker(ThreadPoolExecutor.java:1144)
	at java.base/java.util.concurrent.ThreadPoolExecutor$Worker.run(ThreadPoolExecutor.java:642)
	at java.base/java.lang.Thread.run(Thread.java:1583)

[02-09 21:35:52]: [FINE] ElKeitoGG logged in 127.106.169.53
[02-09 21:36:18]: [FINE] mwarrii logged in 127.229.174.33
[02-09 21:39:22]: [FINE] ElKeitoGG logged in 127.106.169.53
[02-09 21:40:42]: [FINE] ElKeitoGG logged in 127.106.169.53
[02-09 21:42:25]: [FINE] ElKeitoGG used the wrong password
[02-09 21:42:32]: [FINE] ElKeitoGG used the wrong password
[02-09 21:42:38]: [FINE] ElKeitoGG logged in 127.106.169.53
[02-09 21:43:15]: [FINE] ElKeitoGG logged in 127.106.169.53
[02-09 22:03:13]: [INFO] AuthMe 5.6.0-bCUSTOM disabled!
[02-09 22:03:33]: [INFO] SQLite Setup finished
[02-09 22:03:33]: [INFO] Hooked into LuckPerms!
[02-09 22:03:33]: [INFO] Hooked successfully into Essentials
[02-09 22:03:33]: [INFO] Essentials spawn file not found: '/workspaces/upgraded-chainsaw/servidor_minecraft/plugins/Essentials/spawn.yml'
[02-09 22:03:33]: [INFO] AuthMe 5.6.0 build n.CUSTOM successfully enabled!
[02-09 22:03:34]: [INFO] Downloading GEO IP database, because the old database is older than 30 days or doesn't exist
[02-09 22:03:34]: [WARN] No MaxMind credentials found in the configuration file! GeoIp protections will be disabled.
[02-09 22:03:34]: [INFO] There is no newer GEO IP database uploaded to MaxMind. Using the old one for now.
[02-09 22:03:34]: [WARN] Could not download GeoLiteAPI database [FileNotFoundException]: plugins/AuthMe/GeoLite2-Country.mmdb (No such file or directory)
[02-09 22:03:34]: java.io.FileNotFoundException: plugins/AuthMe/GeoLite2-Country.mmdb (No such file or directory)
	at java.base/java.io.RandomAccessFile.open0(Native Method)
	at java.base/java.io.RandomAccessFile.open(RandomAccessFile.java:356)
	at java.base/java.io.RandomAccessFile.<init>(RandomAccessFile.java:273)
	at java.base/java.io.RandomAccessFile.<init>(RandomAccessFile.java:223)
	at AuthMe-5.6.0.jar//fr.xephi.authme.libs.com.maxmind.db.BufferHolder.<init>(BufferHolder.java:20)
	at AuthMe-5.6.0.jar//fr.xephi.authme.libs.com.maxmind.db.Reader.<init>(Reader.java:121)
	at AuthMe-5.6.0.jar//fr.xephi.authme.service.GeoIpService.startReading(GeoIpService.java:179)
	at AuthMe-5.6.0.jar//fr.xephi.authme.service.GeoIpService.updateDatabase(GeoIpService.java:150)
	at org.bukkit.craftbukkit.scheduler.CraftTask.run(CraftTask.java:86)
	at org.bukkit.craftbukkit.scheduler.CraftAsyncTask.run(CraftAsyncTask.java:57)
	at com.destroystokyo.paper.ServerSchedulerReportingWrapper.run(ServerSchedulerReportingWrapper.java:22)
	at java.base/java.util.concurrent.ThreadPoolExecutor.runWorker(ThreadPoolExecutor.java:1144)
	at java.base/java.util.concurrent.ThreadPoolExecutor$Worker.run(ThreadPoolExecutor.java:642)
	at java.base/java.lang.Thread.run(Thread.java:1583)

[02-09 22:03:41]: [FINE] ElKeitoGG logged in 127.106.169.53
[02-09 22:04:00]: [FINE] mwarrii logged in 127.229.174.33
[02-09 22:17:46]: [INFO] AuthMe 5.6.0-bCUSTOM disabled!
[02-09 22:18:03]: [INFO] SQLite Setup finished
[02-09 22:18:03]: [INFO] Hooked into LuckPerms!
[02-09 22:18:03]: [INFO] Hooked successfully into Essentials
[02-09 22:18:03]: [INFO] Essentials spawn file not found: '/workspaces/upgraded-chainsaw/servidor_minecraft/plugins/Essentials/spawn.yml'
[02-09 22:18:03]: [INFO] AuthMe 5.6.0 build n.CUSTOM successfully enabled!
[02-09 22:18:04]: [INFO] Downloading GEO IP database, because the old database is older than 30 days or doesn't exist
[02-09 22:18:04]: [WARN] No MaxMind credentials found in the configuration file! GeoIp protections will be disabled.
[02-09 22:18:04]: [INFO] There is no newer GEO IP database uploaded to MaxMind. Using the old one for now.
[02-09 22:18:04]: [WARN] Could not download GeoLiteAPI database [FileNotFoundException]: plugins/AuthMe/GeoLite2-Country.mmdb (No such file or directory)
[02-09 22:18:04]: java.io.FileNotFoundException: plugins/AuthMe/GeoLite2-Country.mmdb (No such file or directory)
	at java.base/java.io.RandomAccessFile.open0(Native Method)
	at java.base/java.io.RandomAccessFile.open(RandomAccessFile.java:356)
	at java.base/java.io.RandomAccessFile.<init>(RandomAccessFile.java:273)
	at java.base/java.io.RandomAccessFile.<init>(RandomAccessFile.java:223)
	at AuthMe-5.6.0.jar//fr.xephi.authme.libs.com.maxmind.db.BufferHolder.<init>(BufferHolder.java:20)
	at AuthMe-5.6.0.jar//fr.xephi.authme.libs.com.maxmind.db.Reader.<init>(Reader.java:121)
	at AuthMe-5.6.0.jar//fr.xephi.authme.service.GeoIpService.startReading(GeoIpService.java:179)
	at AuthMe-5.6.0.jar//fr.xephi.authme.service.GeoIpService.updateDatabase(GeoIpService.java:150)
	at org.bukkit.craftbukkit.scheduler.CraftTask.run(CraftTask.java:86)
	at org.bukkit.craftbukkit.scheduler.CraftAsyncTask.run(CraftAsyncTask.java:57)
	at com.destroystokyo.paper.ServerSchedulerReportingWrapper.run(ServerSchedulerReportingWrapper.java:22)
	at java.base/java.util.concurrent.ThreadPoolExecutor.runWorker(ThreadPoolExecutor.java:1144)
	at java.base/java.util.concurrent.ThreadPoolExecutor$Worker.run(ThreadPoolExecutor.java:642)
	at java.base/java.lang.Thread.run(Thread.java:1583)

[02-09 22:18:12]: [FINE] ElKeitoGG logged in 127.106.169.53
[02-09 22:18:28]: [FINE] mwarrii logged in 127.229.174.33
[02-09 22:27:16]: [INFO] AuthMe 5.6.0-bCUSTOM disabled!
[02-09 22:27:33]: [INFO] SQLite Setup finished
[02-09 22:27:33]: [INFO] Hooked into LuckPerms!
[02-09 22:27:33]: [INFO] Hooked successfully into Essentials
[02-09 22:27:33]: [INFO] Essentials spawn file not found: '/workspaces/upgraded-chainsaw/servidor_minecraft/plugins/Essentials/spawn.yml'
[02-09 22:27:34]: [INFO] AuthMe 5.6.0 build n.CUSTOM successfully enabled!
[02-09 22:27:34]: [INFO] Downloading GEO IP database, because the old database is older than 30 days or doesn't exist
[02-09 22:27:34]: [WARN] No MaxMind credentials found in the configuration file! GeoIp protections will be disabled.
[02-09 22:27:34]: [INFO] There is no newer GEO IP database uploaded to MaxMind. Using the old one for now.
[02-09 22:27:34]: [WARN] Could not download GeoLiteAPI database [FileNotFoundException]: plugins/AuthMe/GeoLite2-Country.mmdb (No such file or directory)
[02-09 22:27:34]: java.io.FileNotFoundException: plugins/AuthMe/GeoLite2-Country.mmdb (No such file or directory)
	at java.base/java.io.RandomAccessFile.open0(Native Method)
	at java.base/java.io.RandomAccessFile.open(RandomAccessFile.java:356)
	at java.base/java.io.RandomAccessFile.<init>(RandomAccessFile.java:273)
	at java.base/java.io.RandomAccessFile.<init>(RandomAccessFile.java:223)
	at AuthMe-5.6.0.jar//fr.xephi.authme.libs.com.maxmind.db.BufferHolder.<init>(BufferHolder.java:20)
	at AuthMe-5.6.0.jar//fr.xephi.authme.libs.com.maxmind.db.Reader.<init>(Reader.java:121)
	at AuthMe-5.6.0.jar//fr.xephi.authme.service.GeoIpService.startReading(GeoIpService.java:179)
	at AuthMe-5.6.0.jar//fr.xephi.authme.service.GeoIpService.updateDatabase(GeoIpService.java:150)
	at org.bukkit.craftbukkit.scheduler.CraftTask.run(CraftTask.java:86)
	at org.bukkit.craftbukkit.scheduler.CraftAsyncTask.run(CraftAsyncTask.java:57)
	at com.destroystokyo.paper.ServerSchedulerReportingWrapper.run(ServerSchedulerReportingWrapper.java:22)
	at java.base/java.util.concurrent.ThreadPoolExecutor.runWorker(ThreadPoolExecutor.java:1144)
	at java.base/java.util.concurrent.ThreadPoolExecutor$Worker.run(ThreadPoolExecutor.java:642)
	at java.base/java.lang.Thread.run(Thread.java:1583)

[02-09 22:27:40]: [FINE] mwarrii logged in 127.229.174.33
[02-09 22:27:43]: [FINE] ElKeitoGG logged in 127.106.169.53
[02-09 22:49:10]: [INFO] AuthMe 5.6.0-bCUSTOM disabled!
[02-09 22:49:27]: [INFO] SQLite Setup finished
[02-09 22:49:27]: [INFO] Hooked into LuckPerms!
[02-09 22:49:27]: [INFO] Hooked successfully into Essentials
[02-09 22:49:27]: [INFO] Essentials spawn file not found: '/workspaces/upgraded-chainsaw/servidor_minecraft/plugins/Essentials/spawn.yml'
[02-09 22:49:28]: [INFO] AuthMe 5.6.0 build n.CUSTOM successfully enabled!
[02-09 22:49:29]: [INFO] Downloading GEO IP database, because the old database is older than 30 days or doesn't exist
[02-09 22:49:29]: [WARN] No MaxMind credentials found in the configuration file! GeoIp protections will be disabled.
[02-09 22:49:29]: [INFO] There is no newer GEO IP database uploaded to MaxMind. Using the old one for now.
[02-09 22:49:29]: [WARN] Could not download GeoLiteAPI database [FileNotFoundException]: plugins/AuthMe/GeoLite2-Country.mmdb (No such file or directory)
[02-09 22:49:29]: java.io.FileNotFoundException: plugins/AuthMe/GeoLite2-Country.mmdb (No such file or directory)
	at java.base/java.io.RandomAccessFile.open0(Native Method)
	at java.base/java.io.RandomAccessFile.open(RandomAccessFile.java:356)
	at java.base/java.io.RandomAccessFile.<init>(RandomAccessFile.java:273)
	at java.base/java.io.RandomAccessFile.<init>(RandomAccessFile.java:223)
	at AuthMe-5.6.0.jar//fr.xephi.authme.libs.com.maxmind.db.BufferHolder.<init>(BufferHolder.java:20)
	at AuthMe-5.6.0.jar//fr.xephi.authme.libs.com.maxmind.db.Reader.<init>(Reader.java:121)
	at AuthMe-5.6.0.jar//fr.xephi.authme.service.GeoIpService.startReading(GeoIpService.java:179)
	at AuthMe-5.6.0.jar//fr.xephi.authme.service.GeoIpService.updateDatabase(GeoIpService.java:150)
	at org.bukkit.craftbukkit.scheduler.CraftTask.run(CraftTask.java:86)
	at org.bukkit.craftbukkit.scheduler.CraftAsyncTask.run(CraftAsyncTask.java:57)
	at com.destroystokyo.paper.ServerSchedulerReportingWrapper.run(ServerSchedulerReportingWrapper.java:22)
	at java.base/java.util.concurrent.ThreadPoolExecutor.runWorker(ThreadPoolExecutor.java:1144)
	at java.base/java.util.concurrent.ThreadPoolExecutor$Worker.run(ThreadPoolExecutor.java:642)
	at java.base/java.lang.Thread.run(Thread.java:1583)

[02-09 22:49:32]: [FINE] mwarrii logged in 127.229.174.33
[02-09 22:49:40]: [FINE] ElKeitoGG logged in 127.106.169.53
[02-09 22:53:52]: [FINE] ElKeitoGG logged in 127.106.169.53
[02-09 23:16:05]: [INFO] AuthMe 5.6.0-bCUSTOM disabled!
[02-09 23:18:15]: [INFO] SQLite Setup finished
[02-09 23:18:15]: [INFO] Hooked into LuckPerms!
[02-09 23:18:15]: [INFO] Hooked successfully into Essentials
[02-09 23:18:15]: [INFO] Essentials spawn file not found: '/workspaces/upgraded-chainsaw/servidor_minecraft/plugins/Essentials/spawn.yml'
[02-09 23:18:15]: [INFO] AuthMe 5.6.0 build n.CUSTOM successfully enabled!
[02-09 23:18:16]: [INFO] Downloading GEO IP database, because the old database is older than 30 days or doesn't exist
[02-09 23:18:16]: [WARN] No MaxMind credentials found in the configuration file! GeoIp protections will be disabled.
[02-09 23:18:16]: [INFO] There is no newer GEO IP database uploaded to MaxMind. Using the old one for now.
[02-09 23:18:16]: [WARN] Could not download GeoLiteAPI database [FileNotFoundException]: plugins/AuthMe/GeoLite2-Country.mmdb (No such file or directory)
[02-09 23:18:16]: java.io.FileNotFoundException: plugins/AuthMe/GeoLite2-Country.mmdb (No such file or directory)
	at java.base/java.io.RandomAccessFile.open0(Native Method)
	at java.base/java.io.RandomAccessFile.open(RandomAccessFile.java:356)
	at java.base/java.io.RandomAccessFile.<init>(RandomAccessFile.java:273)
	at java.base/java.io.RandomAccessFile.<init>(RandomAccessFile.java:223)
	at AuthMe-5.6.0.jar//fr.xephi.authme.libs.com.maxmind.db.BufferHolder.<init>(BufferHolder.java:20)
	at AuthMe-5.6.0.jar//fr.xephi.authme.libs.com.maxmind.db.Reader.<init>(Reader.java:121)
	at AuthMe-5.6.0.jar//fr.xephi.authme.service.GeoIpService.startReading(GeoIpService.java:179)
	at AuthMe-5.6.0.jar//fr.xephi.authme.service.GeoIpService.updateDatabase(GeoIpService.java:150)
	at org.bukkit.craftbukkit.scheduler.CraftTask.run(CraftTask.java:86)
	at org.bukkit.craftbukkit.scheduler.CraftAsyncTask.run(CraftAsyncTask.java:57)
	at com.destroystokyo.paper.ServerSchedulerReportingWrapper.run(ServerSchedulerReportingWrapper.java:22)
	at java.base/java.util.concurrent.ThreadPoolExecutor.runWorker(ThreadPoolExecutor.java:1144)
	at java.base/java.util.concurrent.ThreadPoolExecutor$Worker.run(ThreadPoolExecutor.java:642)
	at java.base/java.lang.Thread.run(Thread.java:1583)

[02-09 23:18:35]: [FINE] ElKeitoGG logged in 127.106.169.53
[02-09 23:19:26]: [FINE] mwarrii logged in 127.229.174.33
[02-09 23:35:11]: [FINE] ElKeitoGG logged in 127.106.169.53
[02-09 23:35:25]: [FINE] mwarrii logged in 127.229.174.33
[02-09 23:40:21]: [INFO] AuthMe 5.6.0-bCUSTOM disabled!
[02-09 23:40:42]: [INFO] SQLite Setup finished
[02-09 23:40:42]: [INFO] Hooked into LuckPerms!
[02-09 23:40:43]: [INFO] Hooked successfully into Essentials
[02-09 23:40:43]: [INFO] AuthMe 5.6.0 build n.CUSTOM successfully enabled!
[02-09 23:40:44]: [INFO] Downloading GEO IP database, because the old database is older than 30 days or doesn't exist
[02-09 23:40:44]: [WARN] No MaxMind credentials found in the configuration file! GeoIp protections will be disabled.
[02-09 23:40:44]: [INFO] There is no newer GEO IP database uploaded to MaxMind. Using the old one for now.
[02-09 23:40:44]: [WARN] Could not download GeoLiteAPI database [FileNotFoundException]: plugins/AuthMe/GeoLite2-Country.mmdb (No such file or directory)
[02-09 23:40:44]: java.io.FileNotFoundException: plugins/AuthMe/GeoLite2-Country.mmdb (No such file or directory)
	at java.base/java.io.RandomAccessFile.open0(Native Method)
	at java.base/java.io.RandomAccessFile.open(RandomAccessFile.java:356)
	at java.base/java.io.RandomAccessFile.<init>(RandomAccessFile.java:273)
	at java.base/java.io.RandomAccessFile.<init>(RandomAccessFile.java:223)
	at AuthMe-5.6.0.jar//fr.xephi.authme.libs.com.maxmind.db.BufferHolder.<init>(BufferHolder.java:20)
	at AuthMe-5.6.0.jar//fr.xephi.authme.libs.com.maxmind.db.Reader.<init>(Reader.java:121)
	at AuthMe-5.6.0.jar//fr.xephi.authme.service.GeoIpService.startReading(GeoIpService.java:179)
	at AuthMe-5.6.0.jar//fr.xephi.authme.service.GeoIpService.updateDatabase(GeoIpService.java:150)
	at org.bukkit.craftbukkit.scheduler.CraftTask.run(CraftTask.java:86)
	at org.bukkit.craftbukkit.scheduler.CraftAsyncTask.run(CraftAsyncTask.java:57)
	at com.destroystokyo.paper.ServerSchedulerReportingWrapper.run(ServerSchedulerReportingWrapper.java:22)
	at java.base/java.util.concurrent.ThreadPoolExecutor.runWorker(ThreadPoolExecutor.java:1144)
	at java.base/java.util.concurrent.ThreadPoolExecutor$Worker.run(ThreadPoolExecutor.java:642)
	at java.base/java.lang.Thread.run(Thread.java:1583)

[02-09 23:40:50]: [FINE] ElKeitoGG logged in 127.106.169.53
[02-09 23:40:53]: [FINE] mwarrii logged in 127.229.174.33
[02-10 00:01:20]: [INFO] AuthMe 5.6.0-bCUSTOM disabled!
[02-10 00:01:39]: [INFO] SQLite Setup finished
[02-10 00:01:40]: [INFO] Hooked into LuckPerms!
[02-10 00:01:40]: [INFO] Hooked successfully into Essentials
[02-10 00:01:40]: [INFO] AuthMe 5.6.0 build n.CUSTOM successfully enabled!
[02-10 00:01:41]: [INFO] Downloading GEO IP database, because the old database is older than 30 days or doesn't exist
[02-10 00:01:41]: [WARN] No MaxMind credentials found in the configuration file! GeoIp protections will be disabled.
[02-10 00:01:41]: [INFO] There is no newer GEO IP database uploaded to MaxMind. Using the old one for now.
[02-10 00:01:41]: [WARN] Could not download GeoLiteAPI database [FileNotFoundException]: plugins/AuthMe/GeoLite2-Country.mmdb (No such file or directory)
[02-10 00:01:41]: java.io.FileNotFoundException: plugins/AuthMe/GeoLite2-Country.mmdb (No such file or directory)
	at java.base/java.io.RandomAccessFile.open0(Native Method)
	at java.base/java.io.RandomAccessFile.open(RandomAccessFile.java:356)
	at java.base/java.io.RandomAccessFile.<init>(RandomAccessFile.java:273)
	at java.base/java.io.RandomAccessFile.<init>(RandomAccessFile.java:223)
	at AuthMe-5.6.0.jar//fr.xephi.authme.libs.com.maxmind.db.BufferHolder.<init>(BufferHolder.java:20)
	at AuthMe-5.6.0.jar//fr.xephi.authme.libs.com.maxmind.db.Reader.<init>(Reader.java:121)
	at AuthMe-5.6.0.jar//fr.xephi.authme.service.GeoIpService.startReading(GeoIpService.java:179)
	at AuthMe-5.6.0.jar//fr.xephi.authme.service.GeoIpService.updateDatabase(GeoIpService.java:150)
	at org.bukkit.craftbukkit.scheduler.CraftTask.run(CraftTask.java:86)
	at org.bukkit.craftbukkit.scheduler.CraftAsyncTask.run(CraftAsyncTask.java:57)
	at com.destroystokyo.paper.ServerSchedulerReportingWrapper.run(ServerSchedulerReportingWrapper.java:22)
	at java.base/java.util.concurrent.ThreadPoolExecutor.runWorker(ThreadPoolExecutor.java:1144)
	at java.base/java.util.concurrent.ThreadPoolExecutor$Worker.run(ThreadPoolExecutor.java:642)
	at java.base/java.lang.Thread.run(Thread.java:1583)

[02-10 00:01:48]: [FINE] mwarrii logged in 127.229.174.33
[02-10 00:02:13]: [FINE] ElKeitoGG logged in 127.106.169.53
[02-10 00:05:39]: [FINE] Jalelz registered 127.52.25.155
[02-10 00:05:39]: [FINE] Jalelz logged in 127.52.25.155
[02-10 00:21:40]: [FINE] caezon logged in 127.70.227.54
[02-10 00:31:48]: [FINE] caezon logged in 127.70.227.54
[02-10 00:43:06]: [FINE] 0Litaaa registered 127.233.248.107
[02-10 00:43:06]: [FINE] 0Litaaa logged in 127.233.248.107
[02-10 00:43:42]: [INFO] AuthMe 5.6.0-bCUSTOM disabled!
[02-10 00:44:09]: [INFO] SQLite Setup finished
[02-10 00:44:09]: [INFO] Hooked into LuckPerms!
[02-10 00:44:09]: [INFO] Hooked successfully into Essentials
[02-10 00:44:09]: [INFO] AuthMe 5.6.0 build n.CUSTOM successfully enabled!
[02-10 00:44:10]: [INFO] Downloading GEO IP database, because the old database is older than 30 days or doesn't exist
[02-10 00:44:10]: [WARN] No MaxMind credentials found in the configuration file! GeoIp protections will be disabled.
[02-10 00:44:10]: [INFO] There is no newer GEO IP database uploaded to MaxMind. Using the old one for now.
[02-10 00:44:10]: [WARN] Could not download GeoLiteAPI database [FileNotFoundException]: plugins/AuthMe/GeoLite2-Country.mmdb (No such file or directory)
[02-10 00:44:10]: java.io.FileNotFoundException: plugins/AuthMe/GeoLite2-Country.mmdb (No such file or directory)
	at java.base/java.io.RandomAccessFile.open0(Native Method)
	at java.base/java.io.RandomAccessFile.open(RandomAccessFile.java:356)
	at java.base/java.io.RandomAccessFile.<init>(RandomAccessFile.java:273)
	at java.base/java.io.RandomAccessFile.<init>(RandomAccessFile.java:223)
	at AuthMe-5.6.0.jar//fr.xephi.authme.libs.com.maxmind.db.BufferHolder.<init>(BufferHolder.java:20)
	at AuthMe-5.6.0.jar//fr.xephi.authme.libs.com.maxmind.db.Reader.<init>(Reader.java:121)
	at AuthMe-5.6.0.jar//fr.xephi.authme.service.GeoIpService.startReading(GeoIpService.java:179)
	at AuthMe-5.6.0.jar//fr.xephi.authme.service.GeoIpService.updateDatabase(GeoIpService.java:150)
	at org.bukkit.craftbukkit.scheduler.CraftTask.run(CraftTask.java:86)
	at org.bukkit.craftbukkit.scheduler.CraftAsyncTask.run(CraftAsyncTask.java:57)
	at com.destroystokyo.paper.ServerSchedulerReportingWrapper.run(ServerSchedulerReportingWrapper.java:22)
	at java.base/java.util.concurrent.ThreadPoolExecutor.runWorker(ThreadPoolExecutor.java:1144)
	at java.base/java.util.concurrent.ThreadPoolExecutor$Worker.run(ThreadPoolExecutor.java:642)
	at java.base/java.lang.Thread.run(Thread.java:1583)

[02-10 00:44:28]: [FINE] ElKeitoGG logged in 127.106.169.53
[02-10 00:44:56]: [FINE] mwarrii logged in 127.229.174.33
[02-10 00:45:05]: [FINE] caezon logged in 127.70.227.54
[02-10 00:49:26]: [FINE] 0Litaaa logged in 127.233.248.107
[02-10 01:03:39]: [INFO] AuthMe 5.6.0-bCUSTOM disabled!
[02-10 01:04:01]: [INFO] SQLite Setup finished
[02-10 01:04:01]: [INFO] Hooked into LuckPerms!
[02-10 01:04:01]: [INFO] Hooked successfully into Essentials
[02-10 01:04:02]: [INFO] AuthMe 5.6.0 build n.CUSTOM successfully enabled!
[02-10 01:04:02]: [INFO] Downloading GEO IP database, because the old database is older than 30 days or doesn't exist
[02-10 01:04:02]: [WARN] No MaxMind credentials found in the configuration file! GeoIp protections will be disabled.
[02-10 01:04:02]: [INFO] There is no newer GEO IP database uploaded to MaxMind. Using the old one for now.
[02-10 01:04:02]: [WARN] Could not download GeoLiteAPI database [FileNotFoundException]: plugins/AuthMe/GeoLite2-Country.mmdb (No such file or directory)
[02-10 01:04:02]: java.io.FileNotFoundException: plugins/AuthMe/GeoLite2-Country.mmdb (No such file or directory)
	at java.base/java.io.RandomAccessFile.open0(Native Method)
	at java.base/java.io.RandomAccessFile.open(RandomAccessFile.java:356)
	at java.base/java.io.RandomAccessFile.<init>(RandomAccessFile.java:273)
	at java.base/java.io.RandomAccessFile.<init>(RandomAccessFile.java:223)
	at AuthMe-5.6.0.jar//fr.xephi.authme.libs.com.maxmind.db.BufferHolder.<init>(BufferHolder.java:20)
	at AuthMe-5.6.0.jar//fr.xephi.authme.libs.com.maxmind.db.Reader.<init>(Reader.java:121)
	at AuthMe-5.6.0.jar//fr.xephi.authme.service.GeoIpService.startReading(GeoIpService.java:179)
	at AuthMe-5.6.0.jar//fr.xephi.authme.service.GeoIpService.updateDatabase(GeoIpService.java:150)
	at org.bukkit.craftbukkit.scheduler.CraftTask.run(CraftTask.java:86)
	at org.bukkit.craftbukkit.scheduler.CraftAsyncTask.run(CraftAsyncTask.java:57)
	at com.destroystokyo.paper.ServerSchedulerReportingWrapper.run(ServerSchedulerReportingWrapper.java:22)
	at java.base/java.util.concurrent.ThreadPoolExecutor.runWorker(ThreadPoolExecutor.java:1144)
	at java.base/java.util.concurrent.ThreadPoolExecutor$Worker.run(ThreadPoolExecutor.java:642)
	at java.base/java.lang.Thread.run(Thread.java:1583)

[02-10 01:04:32]: [FINE] ElKeitoGG logged in 127.106.169.53
[02-10 01:04:33]: [FINE] mwarrii logged in 127.229.174.33
[02-10 01:04:39]: [FINE] 0Litaaa logged in 127.233.248.107
[02-10 01:05:06]: [FINE] caezon logged in 127.70.227.54
[02-10 04:17:05]: [INFO] AuthMe 5.6.0-bCUSTOM disabled!
[02-10 15:33:53]: [INFO] SQLite Setup finished
[02-10 15:33:53]: [INFO] Hooked into LuckPerms!
[02-10 15:33:53]: [INFO] Hooked successfully into Essentials
[02-10 15:33:53]: [INFO] AuthMe 5.6.0 build n.CUSTOM successfully enabled!
[02-10 15:33:54]: [INFO] Downloading GEO IP database, because the old database is older than 30 days or doesn't exist
[02-10 15:33:54]: [WARN] No MaxMind credentials found in the configuration file! GeoIp protections will be disabled.
[02-10 15:33:54]: [INFO] There is no newer GEO IP database uploaded to MaxMind. Using the old one for now.
[02-10 15:33:55]: [WARN] Could not download GeoLiteAPI database [FileNotFoundException]: plugins/AuthMe/GeoLite2-Country.mmdb (No such file or directory)
[02-10 15:33:55]: java.io.FileNotFoundException: plugins/AuthMe/GeoLite2-Country.mmdb (No such file or directory)
	at java.base/java.io.RandomAccessFile.open0(Native Method)
	at java.base/java.io.RandomAccessFile.open(RandomAccessFile.java:356)
	at java.base/java.io.RandomAccessFile.<init>(RandomAccessFile.java:273)
	at java.base/java.io.RandomAccessFile.<init>(RandomAccessFile.java:223)
	at AuthMe-5.6.0.jar//fr.xephi.authme.libs.com.maxmind.db.BufferHolder.<init>(BufferHolder.java:20)
	at AuthMe-5.6.0.jar//fr.xephi.authme.libs.com.maxmind.db.Reader.<init>(Reader.java:121)
	at AuthMe-5.6.0.jar//fr.xephi.authme.service.GeoIpService.startReading(GeoIpService.java:179)
	at AuthMe-5.6.0.jar//fr.xephi.authme.service.GeoIpService.updateDatabase(GeoIpService.java:150)
	at org.bukkit.craftbukkit.scheduler.CraftTask.run(CraftTask.java:86)
	at org.bukkit.craftbukkit.scheduler.CraftAsyncTask.run(CraftAsyncTask.java:57)
	at com.destroystokyo.paper.ServerSchedulerReportingWrapper.run(ServerSchedulerReportingWrapper.java:22)
	at java.base/java.util.concurrent.ThreadPoolExecutor.runWorker(ThreadPoolExecutor.java:1144)
	at java.base/java.util.concurrent.ThreadPoolExecutor$Worker.run(ThreadPoolExecutor.java:642)
	at java.base/java.lang.Thread.run(Thread.java:1583)

[02-10 15:44:57]: [INFO] AuthMe 5.6.0-bCUSTOM disabled!
[02-10 15:45:16]: [INFO] SQLite Setup finished
[02-10 15:45:16]: [INFO] Hooked into LuckPerms!
[02-10 15:45:16]: [INFO] Hooked successfully into Essentials
[02-10 15:45:17]: [INFO] AuthMe 5.6.0 build n.CUSTOM successfully enabled!
[02-10 15:45:17]: [INFO] Downloading GEO IP database, because the old database is older than 30 days or doesn't exist
[02-10 15:45:17]: [WARN] No MaxMind credentials found in the configuration file! GeoIp protections will be disabled.
[02-10 15:45:17]: [INFO] There is no newer GEO IP database uploaded to MaxMind. Using the old one for now.
[02-10 15:45:17]: [WARN] Could not download GeoLiteAPI database [FileNotFoundException]: plugins/AuthMe/GeoLite2-Country.mmdb (No such file or directory)
[02-10 15:45:17]: java.io.FileNotFoundException: plugins/AuthMe/GeoLite2-Country.mmdb (No such file or directory)
	at java.base/java.io.RandomAccessFile.open0(Native Method)
	at java.base/java.io.RandomAccessFile.open(RandomAccessFile.java:356)
	at java.base/java.io.RandomAccessFile.<init>(RandomAccessFile.java:273)
	at java.base/java.io.RandomAccessFile.<init>(RandomAccessFile.java:223)
	at AuthMe-5.6.0.jar//fr.xephi.authme.libs.com.maxmind.db.BufferHolder.<init>(BufferHolder.java:20)
	at AuthMe-5.6.0.jar//fr.xephi.authme.libs.com.maxmind.db.Reader.<init>(Reader.java:121)
	at AuthMe-5.6.0.jar//fr.xephi.authme.service.GeoIpService.startReading(GeoIpService.java:179)
	at AuthMe-5.6.0.jar//fr.xephi.authme.service.GeoIpService.updateDatabase(GeoIpService.java:150)
	at org.bukkit.craftbukkit.scheduler.CraftTask.run(CraftTask.java:86)
	at org.bukkit.craftbukkit.scheduler.CraftAsyncTask.run(CraftAsyncTask.java:57)
	at com.destroystokyo.paper.ServerSchedulerReportingWrapper.run(ServerSchedulerReportingWrapper.java:22)
	at java.base/java.util.concurrent.ThreadPoolExecutor.runWorker(ThreadPoolExecutor.java:1144)
	at java.base/java.util.concurrent.ThreadPoolExecutor$Worker.run(ThreadPoolExecutor.java:642)
	at java.base/java.lang.Thread.run(Thread.java:1583)

[02-10 15:49:35]: [FINE] ElKeitoGG logged in 127.106.169.53
[02-10 16:01:49]: [INFO] AuthMe 5.6.0-bCUSTOM disabled!
[02-10 16:02:18]: [INFO] SQLite Setup finished
[02-10 16:02:18]: [INFO] Hooked into LuckPerms!
[02-10 16:02:18]: [INFO] Hooked successfully into Essentials
[02-10 16:02:19]: [INFO] AuthMe 5.6.0 build n.CUSTOM successfully enabled!
[02-10 16:02:19]: [INFO] Downloading GEO IP database, because the old database is older than 30 days or doesn't exist
[02-10 16:02:19]: [WARN] No MaxMind credentials found in the configuration file! GeoIp protections will be disabled.
[02-10 16:02:19]: [INFO] There is no newer GEO IP database uploaded to MaxMind. Using the old one for now.
[02-10 16:02:19]: [WARN] Could not download GeoLiteAPI database [FileNotFoundException]: plugins/AuthMe/GeoLite2-Country.mmdb (No such file or directory)
[02-10 16:02:19]: java.io.FileNotFoundException: plugins/AuthMe/GeoLite2-Country.mmdb (No such file or directory)
	at java.base/java.io.RandomAccessFile.open0(Native Method)
	at java.base/java.io.RandomAccessFile.open(RandomAccessFile.java:356)
	at java.base/java.io.RandomAccessFile.<init>(RandomAccessFile.java:273)
	at java.base/java.io.RandomAccessFile.<init>(RandomAccessFile.java:223)
	at AuthMe-5.6.0.jar//fr.xephi.authme.libs.com.maxmind.db.BufferHolder.<init>(BufferHolder.java:20)
	at AuthMe-5.6.0.jar//fr.xephi.authme.libs.com.maxmind.db.Reader.<init>(Reader.java:121)
	at AuthMe-5.6.0.jar//fr.xephi.authme.service.GeoIpService.startReading(GeoIpService.java:179)
	at AuthMe-5.6.0.jar//fr.xephi.authme.service.GeoIpService.updateDatabase(GeoIpService.java:150)
	at org.bukkit.craftbukkit.scheduler.CraftTask.run(CraftTask.java:86)
	at org.bukkit.craftbukkit.scheduler.CraftAsyncTask.run(CraftAsyncTask.java:57)
	at com.destroystokyo.paper.ServerSchedulerReportingWrapper.run(ServerSchedulerReportingWrapper.java:22)
	at java.base/java.util.concurrent.ThreadPoolExecutor.runWorker(ThreadPoolExecutor.java:1144)
	at java.base/java.util.concurrent.ThreadPoolExecutor$Worker.run(ThreadPoolExecutor.java:642)
	at java.base/java.lang.Thread.run(Thread.java:1583)

[02-10 16:02:55]: [FINE] ElKeitoGG logged in 127.106.169.53
[02-10 16:03:56]: [INFO] AuthMe 5.6.0-bCUSTOM disabled!
[02-10 16:04:22]: [INFO] SQLite Setup finished
[02-10 16:04:22]: [INFO] Hooked into LuckPerms!
[02-10 16:04:22]: [INFO] Hooked successfully into Essentials
[02-10 16:04:22]: [INFO] AuthMe 5.6.0 build n.CUSTOM successfully enabled!
[02-10 16:04:23]: [INFO] Downloading GEO IP database, because the old database is older than 30 days or doesn't exist
[02-10 16:04:23]: [WARN] No MaxMind credentials found in the configuration file! GeoIp protections will be disabled.
[02-10 16:04:23]: [INFO] There is no newer GEO IP database uploaded to MaxMind. Using the old one for now.
[02-10 16:04:23]: [WARN] Could not download GeoLiteAPI database [FileNotFoundException]: plugins/AuthMe/GeoLite2-Country.mmdb (No such file or directory)
[02-10 16:04:23]: java.io.FileNotFoundException: plugins/AuthMe/GeoLite2-Country.mmdb (No such file or directory)
	at java.base/java.io.RandomAccessFile.open0(Native Method)
	at java.base/java.io.RandomAccessFile.open(RandomAccessFile.java:356)
	at java.base/java.io.RandomAccessFile.<init>(RandomAccessFile.java:273)
	at java.base/java.io.RandomAccessFile.<init>(RandomAccessFile.java:223)
	at AuthMe-5.6.0.jar//fr.xephi.authme.libs.com.maxmind.db.BufferHolder.<init>(BufferHolder.java:20)
	at AuthMe-5.6.0.jar//fr.xephi.authme.libs.com.maxmind.db.Reader.<init>(Reader.java:121)
	at AuthMe-5.6.0.jar//fr.xephi.authme.service.GeoIpService.startReading(GeoIpService.java:179)
	at AuthMe-5.6.0.jar//fr.xephi.authme.service.GeoIpService.updateDatabase(GeoIpService.java:150)
	at org.bukkit.craftbukkit.scheduler.CraftTask.run(CraftTask.java:86)
	at org.bukkit.craftbukkit.scheduler.CraftAsyncTask.run(CraftAsyncTask.java:57)
	at com.destroystokyo.paper.ServerSchedulerReportingWrapper.run(ServerSchedulerReportingWrapper.java:22)
	at java.base/java.util.concurrent.ThreadPoolExecutor.runWorker(ThreadPoolExecutor.java:1144)
	at java.base/java.util.concurrent.ThreadPoolExecutor$Worker.run(ThreadPoolExecutor.java:642)
	at java.base/java.lang.Thread.run(Thread.java:1583)

[02-10 16:04:30]: [FINE] ElKeitoGG logged in 127.106.169.53
[02-10 16:04:54]: [INFO] AuthMe 5.6.0-bCUSTOM disabled!
[02-10 16:05:19]: [INFO] SQLite Setup finished
[02-10 16:05:19]: [INFO] Hooked into LuckPerms!
[02-10 16:05:19]: [INFO] Hooked successfully into Essentials
[02-10 16:05:19]: [INFO] AuthMe 5.6.0 build n.CUSTOM successfully enabled!
[02-10 16:05:20]: [INFO] Downloading GEO IP database, because the old database is older than 30 days or doesn't exist
[02-10 16:05:20]: [WARN] No MaxMind credentials found in the configuration file! GeoIp protections will be disabled.
[02-10 16:05:20]: [INFO] There is no newer GEO IP database uploaded to MaxMind. Using the old one for now.
[02-10 16:05:20]: [WARN] Could not download GeoLiteAPI database [FileNotFoundException]: plugins/AuthMe/GeoLite2-Country.mmdb (No such file or directory)
[02-10 16:05:20]: java.io.FileNotFoundException: plugins/AuthMe/GeoLite2-Country.mmdb (No such file or directory)
	at java.base/java.io.RandomAccessFile.open0(Native Method)
	at java.base/java.io.RandomAccessFile.open(RandomAccessFile.java:356)
	at java.base/java.io.RandomAccessFile.<init>(RandomAccessFile.java:273)
	at java.base/java.io.RandomAccessFile.<init>(RandomAccessFile.java:223)
	at AuthMe-5.6.0.jar//fr.xephi.authme.libs.com.maxmind.db.BufferHolder.<init>(BufferHolder.java:20)
	at AuthMe-5.6.0.jar//fr.xephi.authme.libs.com.maxmind.db.Reader.<init>(Reader.java:121)
	at AuthMe-5.6.0.jar//fr.xephi.authme.service.GeoIpService.startReading(GeoIpService.java:179)
	at AuthMe-5.6.0.jar//fr.xephi.authme.service.GeoIpService.updateDatabase(GeoIpService.java:150)
	at org.bukkit.craftbukkit.scheduler.CraftTask.run(CraftTask.java:86)
	at org.bukkit.craftbukkit.scheduler.CraftAsyncTask.run(CraftAsyncTask.java:57)
	at com.destroystokyo.paper.ServerSchedulerReportingWrapper.run(ServerSchedulerReportingWrapper.java:22)
	at java.base/java.util.concurrent.ThreadPoolExecutor.runWorker(ThreadPoolExecutor.java:1144)
	at java.base/java.util.concurrent.ThreadPoolExecutor$Worker.run(ThreadPoolExecutor.java:642)
	at java.base/java.lang.Thread.run(Thread.java:1583)

[02-10 16:05:28]: [FINE] ElKeitoGG logged in 127.106.169.53
[02-10 16:28:29]: [INFO] AuthMe 5.6.0-bCUSTOM disabled!
[02-10 16:28:57]: [INFO] SQLite Setup finished
[02-10 16:28:57]: [INFO] Hooked into LuckPerms!
[02-10 16:28:57]: [INFO] Hooked successfully into Essentials
[02-10 16:28:58]: [INFO] AuthMe 5.6.0 build n.CUSTOM successfully enabled!
[02-10 16:28:59]: [INFO] Downloading GEO IP database, because the old database is older than 30 days or doesn't exist
[02-10 16:28:59]: [WARN] No MaxMind credentials found in the configuration file! GeoIp protections will be disabled.
[02-10 16:28:59]: [INFO] There is no newer GEO IP database uploaded to MaxMind. Using the old one for now.
[02-10 16:28:59]: [WARN] Could not download GeoLiteAPI database [FileNotFoundException]: plugins/AuthMe/GeoLite2-Country.mmdb (No such file or directory)
[02-10 16:28:59]: java.io.FileNotFoundException: plugins/AuthMe/GeoLite2-Country.mmdb (No such file or directory)
	at java.base/java.io.RandomAccessFile.open0(Native Method)
	at java.base/java.io.RandomAccessFile.open(RandomAccessFile.java:356)
	at java.base/java.io.RandomAccessFile.<init>(RandomAccessFile.java:273)
	at java.base/java.io.RandomAccessFile.<init>(RandomAccessFile.java:223)
	at AuthMe-5.6.0.jar//fr.xephi.authme.libs.com.maxmind.db.BufferHolder.<init>(BufferHolder.java:20)
	at AuthMe-5.6.0.jar//fr.xephi.authme.libs.com.maxmind.db.Reader.<init>(Reader.java:121)
	at AuthMe-5.6.0.jar//fr.xephi.authme.service.GeoIpService.startReading(GeoIpService.java:179)
	at AuthMe-5.6.0.jar//fr.xephi.authme.service.GeoIpService.updateDatabase(GeoIpService.java:150)
	at org.bukkit.craftbukkit.scheduler.CraftTask.run(CraftTask.java:86)
	at org.bukkit.craftbukkit.scheduler.CraftAsyncTask.run(CraftAsyncTask.java:57)
	at com.destroystokyo.paper.ServerSchedulerReportingWrapper.run(ServerSchedulerReportingWrapper.java:22)
	at java.base/java.util.concurrent.ThreadPoolExecutor.runWorker(ThreadPoolExecutor.java:1144)
	at java.base/java.util.concurrent.ThreadPoolExecutor$Worker.run(ThreadPoolExecutor.java:642)
	at java.base/java.lang.Thread.run(Thread.java:1583)

[02-10 16:29:08]: [FINE] ElKeitoGG logged in 127.106.169.53
[02-10 16:48:23]: [INFO] AuthMe 5.6.0-bCUSTOM disabled!
[02-10 16:48:49]: [INFO] SQLite Setup finished
[02-10 16:48:49]: [INFO] Hooked into LuckPerms!
[02-10 16:48:49]: [INFO] Hooked successfully into Essentials
[02-10 16:48:50]: [INFO] AuthMe 5.6.0 build n.CUSTOM successfully enabled!
[02-10 16:48:50]: [INFO] Downloading GEO IP database, because the old database is older than 30 days or doesn't exist
[02-10 16:48:50]: [WARN] No MaxMind credentials found in the configuration file! GeoIp protections will be disabled.
[02-10 16:48:50]: [INFO] There is no newer GEO IP database uploaded to MaxMind. Using the old one for now.
[02-10 16:48:50]: [WARN] Could not download GeoLiteAPI database [FileNotFoundException]: plugins/AuthMe/GeoLite2-Country.mmdb (No such file or directory)
[02-10 16:48:50]: java.io.FileNotFoundException: plugins/AuthMe/GeoLite2-Country.mmdb (No such file or directory)
	at java.base/java.io.RandomAccessFile.open0(Native Method)
	at java.base/java.io.RandomAccessFile.open(RandomAccessFile.java:356)
	at java.base/java.io.RandomAccessFile.<init>(RandomAccessFile.java:273)
	at java.base/java.io.RandomAccessFile.<init>(RandomAccessFile.java:223)
	at AuthMe-5.6.0.jar//fr.xephi.authme.libs.com.maxmind.db.BufferHolder.<init>(BufferHolder.java:20)
	at AuthMe-5.6.0.jar//fr.xephi.authme.libs.com.maxmind.db.Reader.<init>(Reader.java:121)
	at AuthMe-5.6.0.jar//fr.xephi.authme.service.GeoIpService.startReading(GeoIpService.java:179)
	at AuthMe-5.6.0.jar//fr.xephi.authme.service.GeoIpService.updateDatabase(GeoIpService.java:150)
	at org.bukkit.craftbukkit.scheduler.CraftTask.run(CraftTask.java:86)
	at org.bukkit.craftbukkit.scheduler.CraftAsyncTask.run(CraftAsyncTask.java:57)
	at com.destroystokyo.paper.ServerSchedulerReportingWrapper.run(ServerSchedulerReportingWrapper.java:22)
	at java.base/java.util.concurrent.ThreadPoolExecutor.runWorker(ThreadPoolExecutor.java:1144)
	at java.base/java.util.concurrent.ThreadPoolExecutor$Worker.run(ThreadPoolExecutor.java:642)
	at java.base/java.lang.Thread.run(Thread.java:1583)

[02-10 16:49:03]: [FINE] ElKeitoGG logged in 127.106.169.53
[02-10 17:50:44]: [INFO] AuthMe 5.6.0-bCUSTOM disabled!
[02-10 17:51:12]: [INFO] SQLite Setup finished
[02-10 17:51:13]: [INFO] Hooked into LuckPerms!
[02-10 17:51:13]: [INFO] Hooked successfully into Essentials
[02-10 17:51:13]: [INFO] AuthMe 5.6.0 build n.CUSTOM successfully enabled!
[02-10 17:51:14]: [INFO] Downloading GEO IP database, because the old database is older than 30 days or doesn't exist
[02-10 17:51:14]: [WARN] No MaxMind credentials found in the configuration file! GeoIp protections will be disabled.
[02-10 17:51:14]: [INFO] There is no newer GEO IP database uploaded to MaxMind. Using the old one for now.
[02-10 17:51:14]: [WARN] Could not download GeoLiteAPI database [FileNotFoundException]: plugins/AuthMe/GeoLite2-Country.mmdb (No such file or directory)
[02-10 17:51:14]: java.io.FileNotFoundException: plugins/AuthMe/GeoLite2-Country.mmdb (No such file or directory)
	at java.base/java.io.RandomAccessFile.open0(Native Method)
	at java.base/java.io.RandomAccessFile.open(RandomAccessFile.java:356)
	at java.base/java.io.RandomAccessFile.<init>(RandomAccessFile.java:273)
	at java.base/java.io.RandomAccessFile.<init>(RandomAccessFile.java:223)
	at AuthMe-5.6.0.jar//fr.xephi.authme.libs.com.maxmind.db.BufferHolder.<init>(BufferHolder.java:20)
	at AuthMe-5.6.0.jar//fr.xephi.authme.libs.com.maxmind.db.Reader.<init>(Reader.java:121)
	at AuthMe-5.6.0.jar//fr.xephi.authme.service.GeoIpService.startReading(GeoIpService.java:179)
	at AuthMe-5.6.0.jar//fr.xephi.authme.service.GeoIpService.updateDatabase(GeoIpService.java:150)
	at org.bukkit.craftbukkit.scheduler.CraftTask.run(CraftTask.java:86)
	at org.bukkit.craftbukkit.scheduler.CraftAsyncTask.run(CraftAsyncTask.java:57)
	at com.destroystokyo.paper.ServerSchedulerReportingWrapper.run(ServerSchedulerReportingWrapper.java:22)
	at java.base/java.util.concurrent.ThreadPoolExecutor.runWorker(ThreadPoolExecutor.java:1144)
	at java.base/java.util.concurrent.ThreadPoolExecutor$Worker.run(ThreadPoolExecutor.java:642)
	at java.base/java.lang.Thread.run(Thread.java:1583)

[02-10 17:51:22]: [FINE] ElKeitoGG logged in 127.106.169.53
[02-10 18:10:33]: [INFO] AuthMe 5.6.0-bCUSTOM disabled!
[02-10 18:11:16]: [INFO] SQLite Setup finished
[02-10 18:11:16]: [INFO] Hooked into LuckPerms!
[02-10 18:11:17]: [INFO] Hooked successfully into Essentials
[02-10 18:11:17]: [INFO] AuthMe 5.6.0 build n.CUSTOM successfully enabled!
[02-10 18:11:27]: [INFO] Downloading GEO IP database, because the old database is older than 30 days or doesn't exist
[02-10 18:11:27]: [WARN] No MaxMind credentials found in the configuration file! GeoIp protections will be disabled.
[02-10 18:11:27]: [INFO] There is no newer GEO IP database uploaded to MaxMind. Using the old one for now.
[02-10 18:11:27]: [WARN] Could not download GeoLiteAPI database [FileNotFoundException]: plugins/AuthMe/GeoLite2-Country.mmdb (No such file or directory)
[02-10 18:11:27]: java.io.FileNotFoundException: plugins/AuthMe/GeoLite2-Country.mmdb (No such file or directory)
	at java.base/java.io.RandomAccessFile.open0(Native Method)
	at java.base/java.io.RandomAccessFile.open(RandomAccessFile.java:356)
	at java.base/java.io.RandomAccessFile.<init>(RandomAccessFile.java:273)
	at java.base/java.io.RandomAccessFile.<init>(RandomAccessFile.java:223)
	at AuthMe-5.6.0.jar//fr.xephi.authme.libs.com.maxmind.db.BufferHolder.<init>(BufferHolder.java:20)
	at AuthMe-5.6.0.jar//fr.xephi.authme.libs.com.maxmind.db.Reader.<init>(Reader.java:121)
	at AuthMe-5.6.0.jar//fr.xephi.authme.service.GeoIpService.startReading(GeoIpService.java:179)
	at AuthMe-5.6.0.jar//fr.xephi.authme.service.GeoIpService.updateDatabase(GeoIpService.java:150)
	at org.bukkit.craftbukkit.scheduler.CraftTask.run(CraftTask.java:86)
	at org.bukkit.craftbukkit.scheduler.CraftAsyncTask.run(CraftAsyncTask.java:57)
	at com.destroystokyo.paper.ServerSchedulerReportingWrapper.run(ServerSchedulerReportingWrapper.java:22)
	at java.base/java.util.concurrent.ThreadPoolExecutor.runWorker(ThreadPoolExecutor.java:1144)
	at java.base/java.util.concurrent.ThreadPoolExecutor$Worker.run(ThreadPoolExecutor.java:642)
	at java.base/java.lang.Thread.run(Thread.java:1583)

[02-10 18:11:54]: [FINE] ElKeitoGG logged in 127.106.169.53
[02-10 18:35:00]: [INFO] AuthMe 5.6.0-bCUSTOM disabled!
[02-10 18:35:42]: [INFO] SQLite Setup finished
[02-10 18:35:42]: [INFO] Hooked into LuckPerms!
[02-10 18:35:42]: [INFO] Hooked successfully into Essentials
[02-10 18:35:42]: [INFO] AuthMe 5.6.0 build n.CUSTOM successfully enabled!
