[05:05:43] [ServerMain/INFO]: [bootstrap] Running Java 21 (OpenJDK 64-Bit Server VM 21.0.6+7-Ubuntu-120.04.1; Ubuntu null) on Linux 6.5.0-1025-azure (amd64)
[05:05:43] [ServerMain/INFO]: [bootstrap] Loading Paper 1.21-130-master@b1b5d4c (2024-08-10T10:02:42Z) for Minecraft 1.21
[05:05:43] [ServerMain/INFO]: [PluginInitializerManager] Initializing plugins...
[05:05:44] [Paper Plugin Remapper Thread - 2/INFO]: [PluginRemapper] Remapping plugin 'plugins/worldguard-bukkit-7.0.12-dist.jar'...
[05:05:44] [Paper Plugin Remapper Thread - 3/INFO]: [PluginRemapper] Remapping plugin 'plugins/OpenLogin.jar'...
[05:05:44] [Paper Plugin Remapper Thread - 0/INFO]: [PluginRemapper] Remapping plugin 'plugins/staffplusplus-core-1.21.11.jar'...
[05:05:44] [Paper Plugin Remapper Thread - 1/INFO]: [PluginRemapper] Remapping plugin 'plugins/Jobs5.2.4.6.jar'...
[05:05:45] [Paper Plugin Remapper Thread - 3/INFO]: [PluginRemapper] Done remapping plugin 'plugins/OpenLogin.jar' in 935ms.
[05:05:45] [Paper Plugin Remapper Thread - 3/INFO]: [PluginRemapper] Remapping plugin 'plugins/worldedit-bukkit-7.3.9.jar'...
[05:05:45] [Paper Plugin Remapper Thread - 1/INFO]: [PluginRemapper] Done remapping plugin 'plugins/Jobs5.2.4.6.jar' in 1221ms.
[05:05:45] [Paper Plugin Remapper Thread - 1/INFO]: [PluginRemapper] Remapping plugin 'plugins/CMILib1.5.2.9.jar'...
[05:05:45] [Paper Plugin Remapper Thread - 2/INFO]: [PluginRemapper] Done remapping plugin 'plugins/worldguard-bukkit-7.0.12-dist.jar' in 1535ms.
[05:05:45] [Paper Plugin Remapper Thread - 2/INFO]: [PluginRemapper] Remapping plugin 'plugins/SkinsRestorer.jar'...
[05:05:46] [Paper Plugin Remapper Thread - 1/INFO]: [PluginRemapper] Done remapping plugin 'plugins/CMILib1.5.2.9.jar' in 904ms.
[05:05:47] [Paper Plugin Remapper Thread - 2/INFO]: [PluginRemapper] Done remapping plugin 'plugins/SkinsRestorer.jar' in 1927ms.
[05:05:47] [Paper Plugin Remapper Thread - 3/INFO]: [PluginRemapper] Done remapping plugin 'plugins/worldedit-bukkit-7.3.9.jar' in 2612ms.
[05:05:47] [Paper Plugin Remapper Thread - 0/INFO]: [PluginRemapper] Done remapping plugin 'plugins/staffplusplus-core-1.21.11.jar' in 3708ms.
[05:05:48] [ServerMain/INFO]: [PluginInitializerManager] Initialized 16 plugins
[05:05:48] [ServerMain/INFO]: [PluginInitializerManager] Paper plugins (1):
 - EconomyShopGUI (6.10.2)
[05:05:48] [ServerMain/INFO]: [PluginInitializerManager] Bukkit plugins (15):
 - CMILib (1.5.2.9), Essentials (2.20.1), EssentialsChat (2.20.1), EssentialsSpawn (2.20.1), Jobs (5.2.4.6), LuckPerms (5.4.153), OpeNLogin (1.6.7), PlaceholderAPI (2.11.6), ProtocolLib (5.3.0), SkinsRestorer (15.5.2), StaffPlusPlus (1.21.11), TAB (5.0.6), Vault (1.7.3-b131), WorldEdit (7.3.9+6959-7adf70b), WorldGuard (7.0.12+829a4a4)
[05:05:53] [ServerMain/INFO]: Environment: Environment[sessionHost=https://sessionserver.mojang.com, servicesHost=https://api.minecraftservices.com, name=PROD]
[05:05:54] [ServerMain/INFO]: Loaded 1290 recipes
[05:05:54] [ServerMain/INFO]: Loaded 1399 advancements
[05:05:55] [Server thread/INFO]: Starting minecraft server version 1.21
[05:05:55] [Server thread/INFO]: Loading properties
[05:05:55] [Server thread/INFO]: This server is running Paper version 1.21-130-master@b1b5d4c (2024-08-10T10:02:42Z) (Implementing API version 1.21-R0.1-SNAPSHOT)
[05:05:55] [Server thread/INFO]: [spark] This server bundles the spark profiler. For more information please visit https://docs.papermc.io/paper/profiling
[05:05:56] [Server thread/INFO]: Server Ping Player Sample Count: 12
[05:05:56] [Server thread/INFO]: Using 4 threads for Netty based IO
[05:05:56] [Server thread/INFO]: [ChunkTaskScheduler] Chunk system is using 1 I/O threads, 1 worker threads, and population gen parallelism of 1 threads
[05:05:56] [Server thread/INFO]: Default game type: SURVIVAL
[05:05:56] [Server thread/INFO]: Generating keypair
[05:05:56] [Server thread/INFO]: Starting Minecraft server on *:25565
[05:05:56] [Server thread/INFO]: Using epoll channel type
[05:05:56] [Server thread/INFO]: Paper: Using libdeflate (Linux x86_64) compression from Velocity.
[05:05:56] [Server thread/INFO]: Paper: Using OpenSSL 1.1.x (Linux x86_64) cipher from Velocity.
[05:05:58] [Server thread/INFO]: [LuckPerms] Loading server plugin LuckPerms v5.4.153
[05:05:58] [Server thread/INFO]: [Vault] Loading server plugin Vault v1.7.3-b131
[05:05:58] [Server thread/INFO]: [WorldEdit] Loading server plugin WorldEdit v7.3.9+6959-7adf70b
[05:05:59] [Server thread/INFO]: Got request to register class com.sk89q.worldedit.bukkit.BukkitServerInterface with WorldEdit [com.sk89q.worldedit.extension.platform.PlatformManager@5cd253e]
[05:05:59] [Server thread/INFO]: [WorldEdit] Default configuration file written: config.yml
[05:05:59] [Server thread/INFO]: [PlaceholderAPI] Loading server plugin PlaceholderAPI v2.11.6
[05:05:59] [Server thread/INFO]: [Essentials] Loading server plugin Essentials v2.20.1
[05:05:59] [Server thread/INFO]: [ProtocolLib] Loading server plugin ProtocolLib v5.3.0
[05:06:00] [Server thread/INFO]: [WorldGuard] Loading server plugin WorldGuard v7.0.12+829a4a4
[05:06:00] [Server thread/INFO]: [CMILib] Loading server plugin CMILib v1.5.2.9
[05:06:00] [Server thread/INFO]: [EssentialsChat] Loading server plugin EssentialsChat v2.20.1
[05:06:00] [Server thread/INFO]: [SkinsRestorer] Loading server plugin SkinsRestorer v15.5.2
[05:06:00] [Server thread/INFO]: [Jobs] Loading server plugin Jobs v5.2.4.6
[05:06:00] [Server thread/INFO]: [EssentialsSpawn] Loading server plugin EssentialsSpawn v2.20.1
[05:06:00] [Server thread/INFO]: [TAB] Loading server plugin TAB v5.0.6
[05:06:00] [Server thread/INFO]: [StaffPlusPlus] Loading server plugin StaffPlusPlus v1.21.11
[05:06:00] [Server thread/INFO]: [OpeNLogin] Loading server plugin OpeNLogin v1.6.7
[05:06:00] [Server thread/INFO]: [EconomyShopGUI] Loading server plugin EconomyShopGUI v6.10.2
[05:06:00] [Server thread/INFO]: Server permissions file permissions.yml is empty, ignoring it
[05:06:00] [Server thread/INFO]: [LuckPerms] Enabling LuckPerms v5.4.153
[05:06:01] [Server thread/INFO]:         __    
[05:06:01] [Server thread/INFO]:   |    |__)   LuckPerms v5.4.153
[05:06:01] [Server thread/INFO]:   |___ |      Running on Bukkit - Paper
[05:06:01] [Server thread/INFO]: 
[05:06:01] [Server thread/INFO]: [LuckPerms] Loading configuration...
[05:06:01] [Server thread/INFO]: [LuckPerms] Loading storage provider... [H2]
[05:06:01] [Server thread/INFO]: [LuckPerms] Loading internal permission managers...
[05:06:02] [Server thread/INFO]: [LuckPerms] Performing initial data load...
[05:06:02] [Server thread/INFO]: [LuckPerms] Successfully enabled. (took 1728ms)
[05:06:02] [Server thread/INFO]: [Vault] Enabling Vault v1.7.3-b131
[05:06:02] [Server thread/INFO]: [Vault] [Economy] Essentials Economy found: Waiting
[05:06:02] [Server thread/INFO]: [Vault] [Permission] SuperPermissions loaded as backup permission system.
[05:06:02] [Server thread/INFO]: [Vault] Enabled Version 1.7.3-b131
[05:06:02] [Server thread/INFO]: [LuckPerms] Registered Vault permission & chat hook.
[05:06:02] [Server thread/INFO]: [WorldEdit] Enabling WorldEdit v7.3.9+6959-7adf70b
[05:06:02] [Server thread/INFO]: Registering commands with com.sk89q.worldedit.bukkit.BukkitServerInterface
[05:06:02] [Server thread/INFO]: WEPIF: Updated config file
[05:06:02] [Server thread/INFO]: WEPIF: Vault detected! Using Vault for permissions
[05:06:03] [Server thread/INFO]: Using com.sk89q.worldedit.bukkit.adapter.impl.v1_21.PaperweightAdapter as the Bukkit adapter
[05:06:05] [Server thread/INFO]: [ProtocolLib] Enabling ProtocolLib v5.3.0
[05:06:05] [Server thread/INFO]: [SkinsRestorer] Enabling SkinsRestorer v15.5.2
[05:06:06] [Server thread/WARN]: [SkinsRestorer] You must agree to the rules at 'commands.perSkinPermissionsConsent' in the config to use per skin permissions.
[05:06:06] [Server thread/INFO]: [SkinsRestorer] Running on Minecraft 1.21.0.
[05:06:07] [Server thread/INFO]: [SkinsRestorer] Using paper join listener!
[05:06:07] [Server thread/INFO]: [PlaceholderAPI] Successfully registered internal expansion: skinsrestorer [15.5.2]
[05:06:07] [Server thread/INFO]: [SkinsRestorer] PlaceholderAPI expansion registered!
[05:06:07] [Server thread/WARN]: **** SERVER IS RUNNING IN OFFLINE/INSECURE MODE!
[05:06:07] [Server thread/WARN]: The server will make no attempt to authenticate usernames. Beware.
[05:06:07] [Server thread/WARN]: While this makes the game possible to play without internet access, it also opens up the ability for hackers to connect with any username they choose.
[05:06:07] [Server thread/WARN]: To change this, set "online-mode" to "true" in the server.properties file.
[05:06:07] [Server thread/INFO]: Preparing level "world"
[05:06:07] [Folia Async Scheduler Thread #1/INFO]: [SkinsRestorer] ----------------------------------------------
[05:06:07] [Folia Async Scheduler Thread #1/INFO]: [SkinsRestorer]     +==================+
[05:06:07] [Folia Async Scheduler Thread #1/INFO]: [SkinsRestorer]     |   SkinsRestorer  |
[05:06:07] [Folia Async Scheduler Thread #1/INFO]: [SkinsRestorer]     |------------------|
[05:06:07] [Folia Async Scheduler Thread #1/INFO]: [SkinsRestorer]     |  Standalone Mode |
[05:06:07] [Folia Async Scheduler Thread #1/INFO]: [SkinsRestorer]     +==================+
[05:06:07] [Folia Async Scheduler Thread #1/INFO]: [SkinsRestorer] ----------------------------------------------
[05:06:07] [Folia Async Scheduler Thread #1/INFO]: [SkinsRestorer]     Version: 15.5.2
[05:06:07] [Folia Async Scheduler Thread #1/INFO]: [SkinsRestorer]     Commit: ae257f6
[05:06:07] [Folia Async Scheduler Thread #1/INFO]: [SkinsRestorer]     This is the latest version!
[05:06:07] [Folia Async Scheduler Thread #1/INFO]: [SkinsRestorer] ----------------------------------------------
[05:06:07] [Folia Async Scheduler Thread #1/INFO]: [SkinsRestorer] Do you have issues? Read our troubleshooting guide: https://skinsrestorer.net/docs/troubleshooting
[05:06:07] [Folia Async Scheduler Thread #1/INFO]: [SkinsRestorer] Want to support SkinsRestorer? Consider donating: https://skinsrestorer.net/donate
[05:06:08] [Server thread/INFO]: Preparing start region for dimension minecraft:overworld
[05:06:09] [Server thread/INFO]: Time elapsed: 1103 ms
[05:06:09] [Server thread/INFO]: Preparing start region for dimension minecraft:the_nether
[05:06:10] [Server thread/INFO]: Time elapsed: 229 ms
[05:06:10] [Server thread/INFO]: Preparing start region for dimension minecraft:the_end
[05:06:10] [Server thread/INFO]: Time elapsed: 131 ms
[05:06:10] [Server thread/INFO]: [PlaceholderAPI] Enabling PlaceholderAPI v2.11.6
[05:06:10] [Server thread/INFO]: [PlaceholderAPI] Fetching available expansion information...
[05:06:10] [Server thread/INFO]: [Essentials] Enabling Essentials v2.20.1
[05:06:10] [Server thread/ERROR]: [Essentials] You are running an unsupported server version!
[05:06:11] [Server thread/INFO]: [Essentials] Attempting to convert old kits in config.yml to new kits.yml
[05:06:11] [Server thread/INFO]: [Essentials] No kits found to migrate.
[05:06:11] [Server thread/INFO]: [Essentials] Loaded 39094 items from items.json.
[05:06:11] [Server thread/INFO]: [Essentials] Using locale en
[05:06:11] [Server thread/INFO]: [Essentials] ServerListPingEvent: Spigot iterator API
[05:06:11] [Server thread/INFO]: [Essentials] Starting Metrics. Opt-out using the global bStats config.
[05:06:11] [Server thread/INFO]: [Vault] [Economy] Essentials Economy hooked.
[05:06:11] [Server thread/INFO]: [Essentials] Using Vault based permissions (LuckPerms)
[05:06:11] [Server thread/INFO]: [WorldGuard] Enabling WorldGuard v7.0.12+829a4a4
[05:06:12] [Server thread/INFO]: [WorldGuard] Default configuration file written: config.yml
[05:06:12] [Server thread/INFO]: [WorldGuard] Default configuration file written: config_world.yml
[05:06:12] [Server thread/INFO]: [WorldGuard] Default configuration file written: blacklist.txt
[05:06:12] [Server thread/INFO]: [WorldGuard] (world) TNT ignition is PERMITTED.
[05:06:12] [Server thread/INFO]: [WorldGuard] (world) Lighters are PERMITTED.
[05:06:12] [Server thread/INFO]: [WorldGuard] (world) Lava fire is PERMITTED.
[05:06:12] [Server thread/INFO]: [WorldGuard] (world) Fire spread is UNRESTRICTED.
[05:06:12] [Server thread/INFO]: [WorldGuard] Loaded configuration for world 'world'
[05:06:12] [Server thread/INFO]: [WorldGuard] Default configuration file written: config_world.yml
[05:06:12] [Server thread/INFO]: [WorldGuard] Default configuration file written: blacklist.txt
[05:06:12] [Server thread/INFO]: [WorldGuard] (world_nether) TNT ignition is PERMITTED.
[05:06:12] [Server thread/INFO]: [WorldGuard] (world_nether) Lighters are PERMITTED.
[05:06:12] [Server thread/INFO]: [WorldGuard] (world_nether) Lava fire is PERMITTED.
[05:06:12] [Server thread/INFO]: [WorldGuard] (world_nether) Fire spread is UNRESTRICTED.
[05:06:12] [Server thread/INFO]: [WorldGuard] Loaded configuration for world 'world_nether'
[05:06:12] [Server thread/INFO]: [WorldGuard] Default configuration file written: config_world.yml
[05:06:12] [Server thread/INFO]: [WorldGuard] Default configuration file written: blacklist.txt
[05:06:12] [Server thread/INFO]: [WorldGuard] (world_the_end) TNT ignition is PERMITTED.
[05:06:12] [Server thread/INFO]: [WorldGuard] (world_the_end) Lighters are PERMITTED.
[05:06:12] [Server thread/INFO]: [WorldGuard] (world_the_end) Lava fire is PERMITTED.
[05:06:12] [Server thread/INFO]: [WorldGuard] (world_the_end) Fire spread is UNRESTRICTED.
[05:06:12] [Server thread/INFO]: [WorldGuard] Loaded configuration for world 'world_the_end'
[05:06:12] [Server thread/INFO]: [WorldGuard] Loading region data...
[05:06:12] [Server thread/INFO]: [WorldGuard] Unloading and saving region data that is currently loaded...
[05:06:12] [Server thread/INFO]: [WorldGuard] Loading region data for loaded worlds...
[05:06:12] [Server thread/INFO]: [WorldGuard] Loading region data...
[05:06:12] [Server thread/INFO]: [WorldGuard] Regions saved after UUID migration! This won't happen again unless you change the relevant configuration option in WorldGuard's config.
[05:06:12] [Server thread/INFO]: [CMILib] Enabling CMILib v1.5.2.9
[05:06:14] [Server thread/INFO]: Server version: v1_21_R1 - 1.21.0 - paper  1.21-130-b1b5d4c (MC: 1.21)
[05:06:14] [Server thread/INFO]: Environment: Environment[sessionHost=https://sessionserver.mojang.com, servicesHost=https://api.minecraftservices.com, name=PROD]
[05:06:14] [Server thread/INFO]: [PlaceholderAPI] Successfully registered internal expansion: cmil [1.5.2.9]
[05:06:14] [Server thread/INFO]: PlaceholderAPI hooked.
[05:06:14] [Server thread/INFO]: Updated (EN) language file. Took 104ms
[05:06:14] [Server thread/INFO]: [EssentialsChat] Enabling EssentialsChat v2.20.1
[05:06:14] [Server thread/INFO]: [EssentialsChat] Starting Metrics. Opt-out using the global bStats config.
[05:06:14] [Server thread/INFO]: [Jobs] Enabling Jobs v5.2.4.6
[05:06:14] [Server thread/INFO]: ------------- Jobs -------------
[05:06:14] [Server thread/INFO]: [PlaceholderAPI] Successfully registered internal expansion: jobsr [5.2.4.6]
[05:06:14] [Server thread/INFO]: PlaceholderAPI hooked.
[05:06:15] [Server thread/INFO]: Connected to database (SqLite)
[05:06:15] [Server thread/INFO]: Loaded 8 titles
[05:06:15] [Server thread/INFO]: Loaded 2 restricted areas!
[05:06:15] [Server thread/INFO]: Loaded 53 protected blocks timers
[05:06:15] [Server thread/INFO]: Loaded 1481 custom item names
[05:06:15] [Server thread/INFO]: Loaded 84 custom entity names
[05:06:15] [Server thread/INFO]: Loaded 2 custom MythicMobs names
[05:06:15] [Server thread/INFO]: Loaded 42 custom enchant names
[05:06:15] [Server thread/INFO]: Loaded 46 custom enchant names
[05:06:15] [Server thread/INFO]: Loaded 16 custom color names
[05:06:15] [Server thread/INFO]: Update shops items icon section and use 'ItemStack' instead
[05:06:15] [Server thread/INFO]: Loaded 4 shop items
[05:06:15] [Server thread/INFO]: Loaded 1 quests for Miner
[05:06:15] [Server thread/INFO]: Loaded 1 quests for Explorer
[05:06:15] [Server thread/INFO]: Loaded 1 quests for Woodcutter
[05:06:15] [Server thread/INFO]: Loaded 1 quests for Digger
[05:06:15] [Server thread/INFO]: Loaded 1 quests for Fisherman
[05:06:15] [Server thread/INFO]: Loaded 1 quests for Hunter
[05:06:15] [Server thread/INFO]: Loaded 1 quests for Farmer
[05:06:15] [Server thread/INFO]: Loaded 1 quests for Crafter
[05:06:15] [Server thread/INFO]: Loaded 1 quests for Enchanter
[05:06:15] [Server thread/INFO]: Loaded 1 quests for Brewer
[05:06:15] [Server thread/INFO]: Loaded 1 quests for Weaponsmith
[05:06:15] [Server thread/INFO]: Loaded 1 quests for Builder
[05:06:15] [Server thread/INFO]: Loaded 12 jobs
[05:06:15] [Server thread/INFO]: Loaded 0 boosted items
[05:06:16] [Jobs-DatabaseSaveTask/INFO]: Started database save task.
[05:06:16] [Jobs-BufferedPaymentThread/INFO]: Started buffered payment thread.
[05:06:16] [Server thread/INFO]: Registering listeners...
[05:06:16] [Server thread/INFO]: Listeners registered successfully
[05:06:16] [Server thread/INFO]: Plugin has been enabled successfully.
[05:06:16] [Server thread/INFO]: ------------------------------------
[05:06:16] [Server thread/INFO]: [EssentialsSpawn] Enabling EssentialsSpawn v2.20.1
[05:06:16] [Server thread/INFO]: [EssentialsSpawn] Starting Metrics. Opt-out using the global bStats config.
[05:06:16] [Server thread/INFO]: [TAB] Enabling TAB v5.0.6
[05:06:16] [Server thread/INFO]: [TAB] Loaded NMS hook in 69ms
[05:06:16] [Server thread/INFO]: [TAB] [WARN] [config.yml] Missing configuration section "placeholders.register-tab-expansion" of type Boolean, using default value false.
[05:06:17] [Server thread/INFO]: [TAB] [WARN] Found a total of 1 issues.
[05:06:17] [Server thread/INFO]: [TAB] Enabled in 580ms
[05:06:17] [Server thread/INFO]: [StaffPlusPlus] Enabling StaffPlusPlus v1.21.11
[05:06:17] [Server thread/INFO]: [StaffPlusPlus] First installation detected
[05:06:21] [Server thread/INFO]: [StaffPlusPlus] Using SQLITE storage
[05:06:21] [Server thread/INFO]: [StaffPlusPlus] Vault found. Permissions will be handled by Vault
[05:06:21] [Server thread/INFO]: [StaffPlusPlus] Hooked into PlaceholderAPI 2.11.6
[05:06:22] [Server thread/INFO]: [StaffPlusPlus] No styles directory present
[05:06:22] [Server thread/ERROR]: Error occurred while enabling StaffPlusPlus v1.21.11 (Is it up to date?)
java.lang.IncompatibleClassChangeError: Method 'org.bukkit.Sound org.bukkit.Sound.valueOf(java.lang.String)' must be Methodref constant
	at staffplusplus-core-1.21.11.jar/net.shortninja.staffplus.core.common.Sounds.<init>(Sounds.java:17) ~[staffplusplus-core-1.21.11.jar:?]
	at staffplusplus-core-1.21.11.jar/net.shortninja.staffplus.core.application.config.SoundsConfigTransformer.stringToSound(SoundsConfigTransformer.java:25) ~[staffplusplus-core-1.21.11.jar:?]
	at staffplusplus-core-1.21.11.jar/net.shortninja.staffplus.core.application.config.SoundsConfigTransformer.mapConfig(SoundsConfigTransformer.java:12) ~[staffplusplus-core-1.21.11.jar:?]
	at staffplusplus-core-1.21.11.jar/net.shortninja.staffplus.core.application.config.SoundsConfigTransformer.mapConfig(SoundsConfigTransformer.java:9) ~[staffplusplus-core-1.21.11.jar:?]
	at staffplusplus-core-1.21.11.jar/net.shortninja.staffplus.core.be.garagepoort.mcioc.configuration.PropertyInjector.parseConfig(PropertyInjector.java:169) ~[staffplusplus-core-1.21.11.jar:?]
	at staffplusplus-core-1.21.11.jar/net.shortninja.staffplus.core.be.garagepoort.mcioc.configuration.PropertyInjector.setProperties(PropertyInjector.java:103) ~[staffplusplus-core-1.21.11.jar:?]
	at staffplusplus-core-1.21.11.jar/net.shortninja.staffplus.core.be.garagepoort.mcioc.configuration.PropertyInjector.injectConfigurationProperties(PropertyInjector.java:26) ~[staffplusplus-core-1.21.11.jar:?]
	at staffplusplus-core-1.21.11.jar/net.shortninja.staffplus.core.be.garagepoort.mcioc.IocContainer.createBean(IocContainer.java:236) ~[staffplusplus-core-1.21.11.jar:?]
	at staffplusplus-core-1.21.11.jar/net.shortninja.staffplus.core.be.garagepoort.mcioc.IocContainer.instantiateBean(IocContainer.java:203) ~[staffplusplus-core-1.21.11.jar:?]
	at staffplusplus-core-1.21.11.jar/net.shortninja.staffplus.core.be.garagepoort.mcioc.IocContainer.buildParams(IocContainer.java:304) ~[staffplusplus-core-1.21.11.jar:?]
	at staffplusplus-core-1.21.11.jar/net.shortninja.staffplus.core.be.garagepoort.mcioc.IocContainer.createBean(IocContainer.java:231) ~[staffplusplus-core-1.21.11.jar:?]
	at staffplusplus-core-1.21.11.jar/net.shortninja.staffplus.core.be.garagepoort.mcioc.IocContainer.instantiateBean(IocContainer.java:203) ~[staffplusplus-core-1.21.11.jar:?]
	at staffplusplus-core-1.21.11.jar/net.shortninja.staffplus.core.be.garagepoort.mcioc.IocContainer.loadIocBeans(IocContainer.java:99) ~[staffplusplus-core-1.21.11.jar:?]
	at staffplusplus-core-1.21.11.jar/net.shortninja.staffplus.core.be.garagepoort.mcioc.IocContainer.init(IocContainer.java:54) ~[staffplusplus-core-1.21.11.jar:?]
	at staffplusplus-core-1.21.11.jar/net.shortninja.staffplus.core.be.garagepoort.mcioc.TubingPlugin.initIocContainer(TubingPlugin.java:23) ~[staffplusplus-core-1.21.11.jar:?]
	at staffplusplus-core-1.21.11.jar/net.shortninja.staffplus.core.be.garagepoort.mcioc.tubingbukkit.TubingBukkitPlugin.onEnable(TubingBukkitPlugin.java:25) ~[staffplusplus-core-1.21.11.jar:?]
	at org.bukkit.plugin.java.JavaPlugin.setEnabled(JavaPlugin.java:288) ~[paper-api-1.21-R0.1-SNAPSHOT.jar:?]
	at io.papermc.paper.plugin.manager.PaperPluginInstanceManager.enablePlugin(PaperPluginInstanceManager.java:202) ~[paper-1.21.jar:1.21-130-b1b5d4c]
	at io.papermc.paper.plugin.manager.PaperPluginManagerImpl.enablePlugin(PaperPluginManagerImpl.java:109) ~[paper-1.21.jar:1.21-130-b1b5d4c]
	at org.bukkit.plugin.SimplePluginManager.enablePlugin(SimplePluginManager.java:520) ~[paper-api-1.21-R0.1-SNAPSHOT.jar:?]
	at org.bukkit.craftbukkit.CraftServer.enablePlugin(CraftServer.java:640) ~[paper-1.21.jar:1.21-130-b1b5d4c]
	at org.bukkit.craftbukkit.CraftServer.enablePlugins(CraftServer.java:589) ~[paper-1.21.jar:1.21-130-b1b5d4c]
	at net.minecraft.server.MinecraftServer.loadWorld0(MinecraftServer.java:754) ~[paper-1.21.jar:1.21-130-b1b5d4c]
	at net.minecraft.server.MinecraftServer.loadLevel(MinecraftServer.java:516) ~[paper-1.21.jar:1.21-130-b1b5d4c]
	at net.minecraft.server.dedicated.DedicatedServer.initServer(DedicatedServer.java:329) ~[paper-1.21.jar:1.21-130-b1b5d4c]
	at net.minecraft.server.MinecraftServer.runServer(MinecraftServer.java:1215) ~[paper-1.21.jar:1.21-130-b1b5d4c]
	at net.minecraft.server.MinecraftServer.lambda$spin$0(MinecraftServer.java:330) ~[paper-1.21.jar:1.21-130-b1b5d4c]
	at java.base/java.lang.Thread.run(Thread.java:1583) ~[?:?]
[05:06:22] [Server thread/INFO]: [StaffPlusPlus] Disabling StaffPlusPlus v1.21.11
[05:06:22] [Server thread/INFO]: [StaffPlusPlus] Staff++ is now disabling!
[05:06:22] [Server thread/INFO]: [StaffPlusPlus] Staff++ disabled!
[05:06:22] [Server thread/INFO]: [OpeNLogin] Enabling OpeNLogin v1.6.7
[05:06:22] [Server thread/INFO]: [OpeNLogin]    ___                __  __             _ 
[05:06:22] [Server thread/INFO]: [OpeNLogin]   /___\_ __   ___  /\ \ \/ /  ___   __ _(_)_ __
[05:06:22] [Server thread/INFO]: [OpeNLogin]  //  // '_ \ / _ \/  \/ / /  / _ \ / _` | | '_ \
[05:06:22] [Server thread/INFO]: [OpeNLogin] / \_//| |_) |  __/ /\  / /__| (_) | (_| | | | | |
[05:06:22] [Server thread/INFO]: [OpeNLogin] \___/ | .__/ \___\_\ \/\____/\___/ \__, |_|_| |_|
[05:06:22] [Server thread/INFO]: [OpeNLogin]       |_|                          |___/         
[05:06:22] [Server thread/INFO]: [OpeNLogin] By: www.nickuc.com / github.com/nickuc/OpeNLogin - V 1.6.7
[05:06:22] [Server thread/INFO]: [OpeNLogin] 
[05:06:22] [Server thread/INFO]: [EconomyShopGUI] Enabling EconomyShopGUI v6.10.2
[05:06:22] [Server thread/INFO]: [EconomyShopGUI] [INFO]: Usando lang-es.yml como archivo de idioma...
[05:06:22] [Server thread/INFO]: [EconomyShopGUI] [INFO]: Carga completada 16 configuraciones de la sección de /secciones/
[05:06:22] [Server thread/INFO]: [EconomyShopGUI] [INFO]: Completada la carga de la configuración de 16 tiendas desde /shops/
[05:06:22] [Server thread/INFO]: [EconomyShopGUI] [INFO]: Actualizando la configuración de la tienda...
[05:06:22] [Server thread/INFO]: [EconomyShopGUI] [INFO]: Successfully hooked into Vault and using EssentialsX Economy as economy provider
[05:06:22] [Server thread/INFO]: [EconomyShopGUI] [INFO]: Se completó la carga de 1 proveedor(es) de economía para todas las 12 secciones de tiendas.
[05:06:22] [Server thread/INFO]: [EconomyShopGUI] [INFO]: Usando minecraft versión 1.21...
[05:06:22] [Server thread/INFO]: [EconomyShopGUI] [INFO]: Proveedor spawner establecido en AUTO en la configuración
[05:06:22] [Server thread/INFO]: [EconomyShopGUI] [INFO]: Automatically searching for compatible spawner provider....
[05:06:22] [Server thread/INFO]: [EconomyShopGUI] [INFO]: Failed to automatically find compatible spawner provider, using default...
[05:06:22] [Server thread/INFO]: [PlaceholderAPI] Successfully registered internal expansion: esgui [1.0.0]
[05:06:22] [Server thread/INFO]: [EconomyShopGUI] [INFO]: El modo de depuración está habilitado.
[05:06:22] [Server thread/INFO]: [EconomyShopGUI] [INFO]: Cargando todos los elementos...
[05:06:23] [Server thread/INFO]: [EconomyShopGUI] [INFO]: Iniciado - Tomó 694ms para completar
[05:06:23] [Server thread/INFO]: [spark] Starting background profiler...
[05:06:24] [Server thread/INFO]: [PlaceholderAPI] Placeholder expansion registration initializing...
[05:06:24] [Server thread/INFO]: Done preparing level "world" (16.259s)
[05:06:24] [Server thread/INFO]: Running delayed init tasks
[05:06:24] [Server thread/INFO]: [Essentials] Essentials found a compatible payment resolution method: Vault Compatibility Layer (v1.7.3-b131)!
[05:06:24] [Craft Scheduler Thread - 2 - Essentials/INFO]: [Essentials] Fetching version information...
[05:06:24] [Server thread/INFO]: WorldGuard detected.
[05:06:24] [Server thread/INFO]: [Jobs] Successfully linked with Vault. (Essentials)
[05:06:24] [Server thread/INFO]: [Jobs] Successfully linked with Vault. (LuckPerms)
[05:06:24] [Server thread/INFO]: Done (41.423s)! For help, type "help"
[05:06:24] [Server thread/INFO]: Timings Reset
[05:06:24] [Craft Scheduler Thread - 18 - Vault/INFO]: [Vault] Checking for Updates ... 
[05:06:24] [Server thread/INFO]: [PlaceholderAPI] Successfully registered external expansion: playerlist [3.0.8]
[05:06:24] [Server thread/INFO]: [PlaceholderAPI] Successfully registered external expansion: statistic [2.0.1]
[05:06:24] [Server thread/INFO]: [PlaceholderAPI] Successfully registered external expansion: luckperms [5.4-R2]
[05:06:24] [Server thread/WARN]: [PlaceholderAPI] Cannot load expansion playerstats due to a missing plugin: PlayerStats
[05:06:24] [Server thread/INFO]: [PlaceholderAPI] Successfully registered external expansion: vault [1.8.3]
[05:06:24] [Server thread/INFO]: [PlaceholderAPI] Successfully registered external expansion: server [2.7.3]
[05:06:24] [Server thread/INFO]: [PlaceholderAPI] Successfully registered external expansion: localtime [1.2]
[05:06:24] [Server thread/WARN]: [PlaceholderAPI] Cannot load expansion playertime due to a missing plugin: PlayerTime
[05:06:24] [Server thread/INFO]: 6 placeholder hook(s) registered!
[05:06:24] [Server thread/INFO]: Downloaded Locale_UA.yml file
[05:06:24] [Server thread/INFO]: Downloaded Locale_RU.yml file
[05:06:24] [Server thread/INFO]: Downloaded Locale_IT.yml file
[05:06:24] [Server thread/INFO]: Downloaded Locale_CN.yml file
[05:06:24] [Craft Scheduler Thread - 18 - Vault/INFO]: [Vault] No new version available
[05:06:24] [Server thread/INFO]: Downloaded Locale_FR.yml file
[05:06:24] [Server thread/INFO]: Downloaded Locale_CZ.yml file
[05:06:24] [Server thread/INFO]: Downloaded Locale_DE.yml file
[05:06:24] [Server thread/INFO]: Downloaded Locale_ES.yml file
[05:06:24] [Server thread/INFO]: Downloaded items_ES.yml file
[05:06:24] [Server thread/INFO]: Downloaded Locale_SK.yml file
[05:06:24] [Server thread/INFO]: Downloaded Locale_ZH.yml file
[05:06:24] [Server thread/INFO]: Updated (EN) language file. Took 20ms
[05:06:24] [Server thread/INFO]: Downloaded Locale_PL.yml file
[05:06:24] [Server thread/INFO]: Downloaded Locale_TR.yml file
[05:06:24] [Server thread/INFO]: Downloaded Locale_NO.yml file
[05:06:24] [Server thread/INFO]: Downloaded Locale_SL.yml file
[05:06:24] [Server thread/INFO]: Downloaded items_CN.yml file
[05:06:24] [Server thread/INFO]: Updated (EN) language file. Took 17ms
[05:06:24] [Server thread/INFO]: Downloaded Locale_LT.yml file
[05:06:51] [User Authenticator #0/INFO]: UUID of player ElKeitoGG is 6a5c8a62-a6aa-3cf8-a643-8a7e034f35b0
[05:06:53] [Server thread/INFO]: [EconomyShopGUI] [DEBUG]: Detected skin change of ElKeitoGG, updating cached skin...
[05:06:53] [TAB Processing Thread/INFO]: [TAB] [WARN] Player ElKeitoGG's group (creador) is not in sorting list! Sorting list: owner,admin,mod,helper,builder,vip,default. Player will be sorted on the bottom.
[05:06:53] [Server thread/INFO]: ElKeitoGG[/127.106.169.53:42001] logged in with entity id 24 at ([world]-18.970622797713336, 123.0, 145.69999998807907)
[05:06:53] [Craft Scheduler Thread - 8 - PlaceholderAPI/INFO]: [LocalTime] Couldn't get ElKeitoGG's timezone. Will use default timezone.
[05:07:23] [Server thread/INFO]: ElKeitoGG lost connection: nLogin was successfully installed. We are restarting the server to apply the changes.
[05:07:23] [Server thread/INFO]: ElKeitoGG left the game
[05:07:23] [Server thread/INFO]: Stopping server
[05:07:23] [Server thread/INFO]: [EconomyShopGUI] Disabling EconomyShopGUI v6.10.2
[05:07:23] [Server thread/INFO]: [OpeNLogin] Disabling OpeNLogin v1.6.7
[05:07:23] [Server thread/INFO]: [TAB] Disabling TAB v5.0.6
[05:07:23] [Server thread/INFO]: [TAB] Disabled in 2ms
[05:07:23] [Server thread/INFO]: [EssentialsSpawn] Disabling EssentialsSpawn v2.20.1
[05:07:23] [Server thread/INFO]: [Jobs] Disabling Jobs v5.2.4.6
[05:07:23] [Server thread/INFO]: ------------- Jobs -------------
[05:07:23] [Jobs-BufferedPaymentThread/INFO]: Buffered payment thread shutdown.
[05:07:23] [Jobs-DatabaseSaveTask/INFO]: Database save task shutdown!
[05:07:23] [Server thread/INFO]: Cleared boss bar cache
[05:07:23] [Server thread/INFO]: Saved player data
[05:07:23] [Server thread/INFO]: Closed database connection
[05:07:23] [Server thread/INFO]: ------------------------------------
[05:07:23] [Server thread/INFO]: [SkinsRestorer] Disabling SkinsRestorer v15.5.2
[05:07:23] [Server thread/INFO]: [EssentialsChat] Disabling EssentialsChat v2.20.1
[05:07:23] [Server thread/INFO]: [CMILib] Disabling CMILib v1.5.2.9
[05:07:23] [Server thread/INFO]: [WorldGuard] Disabling WorldGuard v7.0.12+829a4a4
[05:07:23] [Server thread/INFO]: [WorldGuard] Shutting down executor and cancelling any pending tasks...
[05:07:23] [Server thread/INFO]: [ProtocolLib] Disabling ProtocolLib v5.3.0
[05:07:23] [Server thread/INFO]: [Essentials] Disabling Essentials v2.20.1
[05:07:23] [Server thread/INFO]: [Vault] [Economy] Essentials Economy unhooked.
[05:07:23] [Server thread/INFO]: [PlaceholderAPI] Disabling PlaceholderAPI v2.11.6
[05:07:23] [Server thread/INFO]: [WorldEdit] Disabling WorldEdit v7.3.9+6959-7adf70b
[05:07:23] [Server thread/INFO]: Unregistering com.sk89q.worldedit.bukkit.BukkitServerInterface from WorldEdit
[05:07:23] [Server thread/INFO]: [Vault] Disabling Vault v1.7.3-b131
[05:07:23] [Server thread/INFO]: [LuckPerms] Disabling LuckPerms v5.4.153
[05:07:23] [Server thread/INFO]: [LuckPerms] Starting shutdown process...
[05:07:23] [Server thread/INFO]: [LuckPerms] Closing storage...
[05:07:23] [Server thread/INFO]: [LuckPerms] Goodbye!
[05:07:23] [Server thread/INFO]: Saving players
[05:07:23] [Server thread/INFO]: Saving worlds
[05:07:23] [Server thread/INFO]: Saving chunks for level 'ServerLevel[world]'/minecraft:overworld
[05:07:23] [Server thread/INFO]: [ChunkHolderManager] Waiting 60s for chunk system to halt for world 'world'
[05:07:23] [Server thread/INFO]: [ChunkHolderManager] Halted chunk system for world 'world'
[05:07:23] [Server thread/INFO]: [ChunkHolderManager] Saving all chunkholders for world 'world'
[05:07:25] [Server thread/INFO]: [ChunkHolderManager] Saved 625 block chunks, 625 entity chunks, 0 poi chunks in world 'world' in 1.57s
[05:07:25] [Server thread/INFO]: Saving chunks for level 'ServerLevel[world_nether]'/minecraft:the_nether
[05:07:25] [Server thread/INFO]: [ChunkHolderManager] Waiting 60s for chunk system to halt for world 'world_nether'
[05:07:25] [Server thread/INFO]: [ChunkHolderManager] Halted chunk system for world 'world_nether'
[05:07:25] [Server thread/INFO]: [ChunkHolderManager] Saving all chunkholders for world 'world_nether'
[05:07:25] [Server thread/INFO]: [ChunkHolderManager] Saved 49 block chunks, 49 entity chunks, 0 poi chunks in world 'world_nether' in 0.07s
[05:07:25] [Server thread/INFO]: Saving chunks for level 'ServerLevel[world_the_end]'/minecraft:the_end
[05:07:25] [Server thread/INFO]: [ChunkHolderManager] Waiting 60s for chunk system to halt for world 'world_the_end'
[05:07:25] [Server thread/INFO]: [ChunkHolderManager] Halted chunk system for world 'world_the_end'
[05:07:25] [Server thread/INFO]: [ChunkHolderManager] Saving all chunkholders for world 'world_the_end'
[05:07:25] [Server thread/INFO]: [ChunkHolderManager] Saved 49 block chunks, 49 entity chunks, 0 poi chunks in world 'world_the_end' in 0.03s
[05:07:25] [Server thread/INFO]: ThreadedAnvilChunkStorage (world): All chunks are saved
[05:07:25] [Server thread/INFO]: ThreadedAnvilChunkStorage (DIM-1): All chunks are saved
[05:07:25] [Server thread/INFO]: ThreadedAnvilChunkStorage (DIM1): All chunks are saved
[05:07:25] [Server thread/INFO]: ThreadedAnvilChunkStorage: All dimensions are saved
